2024-04-06 13:25:44,289 [ERROR] LogOutputStream:75 - [STDERR_REDIRECT] Exception in thread "AWT-EventQueue-0" java.lang.NullPointerException
2024-04-06 13:25:44,330 [ERROR] LogOutputStream:75 - [STDERR_REDIRECT] 	at com.st.stm32cube.common.mx.targetselector.TargetSelectorAdapter$7.run(TargetSelectorAdapter.java:353)
2024-04-06 13:25:44,338 [ERROR] LogOutputStream:75 - [STDERR_REDIRECT] 	at com.st.stm32cube.common.mx.oss.core.awtswtbridge.AwtEnvironment$2.run(AwtEnvironment.java:166)
2024-04-06 13:25:44,340 [ERROR] LogOutputStream:75 - [STDERR_REDIRECT] 	at java.desktop/java.awt.event.InvocationEvent.dispatch(InvocationEvent.java:313)
2024-04-06 13:25:44,340 [ERROR] LogOutputStream:75 - [STDERR_REDIRECT] 	at java.desktop/java.awt.EventQueue.dispatchEventImpl(EventQueue.java:770)
2024-04-06 13:25:44,340 [ERROR] LogOutputStream:75 - [STDERR_REDIRECT] 	at java.desktop/java.awt.EventQueue$4.run(EventQueue.java:721)
2024-04-06 13:25:44,348 [ERROR] LogOutputStream:75 - [STDERR_REDIRECT] 	at java.desktop/java.awt.EventQueue$4.run(EventQueue.java:715)
2024-04-06 13:25:44,350 [ERROR] LogOutputStream:75 - [STDERR_REDIRECT] 	at java.base/java.security.AccessController.doPrivileged(Native Method)
2024-04-06 13:25:44,350 [ERROR] LogOutputStream:75 - [STDERR_REDIRECT] 	at java.base/java.security.ProtectionDomain$JavaSecurityAccessImpl.doIntersectionPrivilege(ProtectionDomain.java:85)
2024-04-06 13:25:44,358 [ERROR] LogOutputStream:75 - [STDERR_REDIRECT] 	at java.desktop/java.awt.EventQueue.dispatchEvent(EventQueue.java:740)
2024-04-06 13:25:44,360 [ERROR] LogOutputStream:75 - [STDERR_REDIRECT] 	at java.desktop/java.awt.EventDispatchThread.pumpOneEventForFilters(EventDispatchThread.java:203)
2024-04-06 13:25:44,360 [ERROR] LogOutputStream:75 - [STDERR_REDIRECT] 	at java.desktop/java.awt.EventDispatchThread.pumpEventsForFilter(EventDispatchThread.java:124)
2024-04-06 13:25:44,370 [ERROR] LogOutputStream:75 - [STDERR_REDIRECT] 	at java.desktop/java.awt.EventDispatchThread.pumpEventsForHierarchy(EventDispatchThread.java:113)
2024-04-06 13:25:44,370 [ERROR] LogOutputStream:75 - [STDERR_REDIRECT] 	at java.desktop/java.awt.EventDispatchThread.pumpEvents(EventDispatchThread.java:109)
2024-04-06 13:25:44,370 [ERROR] LogOutputStream:75 - [STDERR_REDIRECT] 	at java.desktop/java.awt.EventDispatchThread.pumpEvents(EventDispatchThread.java:101)
2024-04-06 13:25:44,380 [ERROR] LogOutputStream:75 - [STDERR_REDIRECT] 	at java.desktop/java.awt.EventDispatchThread.run(EventDispatchThread.java:90)
2024-04-06 13:32:45,304 [ERROR] LogOutputStream:75 - [STDERR_REDIRECT] Warning: NLS missing message: ExternalToolsPreferencePage_External_tool_project_builders_migration_2 in: org.eclipse.ui.externaltools.internal.ui.ExternalToolsUIMessages
2024-04-06 13:32:45,304 [ERROR] LogOutputStream:75 - [STDERR_REDIRECT] Warning: NLS missing message: ExternalToolsPreferencePage_Prompt_before_migrating_3 in: org.eclipse.ui.externaltools.internal.ui.ExternalToolsUIMessages
2024-04-06 13:32:45,304 [ERROR] LogOutputStream:75 - [STDERR_REDIRECT] Warning: NLS missing message: ExternalToolsPreferencePage_1 in: org.eclipse.ui.externaltools.internal.ui.ExternalToolsUIMessages
2024-04-06 13:33:42,851 [INFO] MainUpdater:2854 - connection check result : 10
2024-04-06 13:33:42,851 [INFO] McuFinderGlobals:66 - Set McuFinderConnectedMode to true
2024-04-06 13:33:43,638 [INFO] ServerAccessManage:473 - Download File mcusAds.json._tmp_
2024-04-06 13:33:44,143 [INFO] LoadUrlFilesThread:156 - End of LoadUrlFiles Thread
2024-04-06 13:33:44,525 [INFO] ServerAccessManage:473 - Download File cube-finder-db.zip
2024-04-06 13:33:47,915 [INFO] FileExtend:240 - Unzip File : cube-finder-db.zip
2024-04-06 13:33:47,930 [INFO] FileExtend:255 - Standard Zip Deflate
2024-04-06 13:33:49,198 [INFO] LoadUrlFilesThread:156 - End of LoadUrlFiles Thread
2024-04-06 13:33:49,580 [INFO] ServerAccessManage:473 - Download File crdb.zip
2024-04-06 13:33:49,783 [INFO] FileExtend:240 - Unzip File : crdb.zip
2024-04-06 13:33:49,783 [INFO] FileExtend:255 - Standard Zip Deflate
2024-04-06 13:33:50,046 [INFO] LoadUrlFilesThread:156 - End of LoadUrlFiles Thread
2024-04-06 13:33:50,287 [INFO] ServerAccessManage:473 - Download File tutoVideoDB.zip
2024-04-06 13:33:50,329 [INFO] FileExtend:240 - Unzip File : tutoVideoDB.zip
2024-04-06 13:33:50,329 [INFO] FileExtend:255 - Standard Zip Deflate
2024-04-06 13:33:50,510 [INFO] LoadUrlFilesThread:156 - End of LoadUrlFiles Thread
2024-04-06 13:33:50,531 [WARN] DbFile:41 - Overriding database path with different value: C:\Users\Borch\.stmcufinder\plugins\mcufinder/ => C:\Users\Borch\.stmcufinder\plugins\mcufinder
2024-04-06 13:33:50,723 [INFO] ServerAccessManage:473 - Download File api_config.json
2024-04-06 13:33:50,854 [INFO] LoadUrlFilesThread:156 - End of LoadUrlFiles Thread
2024-04-06 13:33:50,854 [INFO] DbMcusAds:53 - JSON generation date=Wed Nov 29 11:52:27 CET 2023 (1701255147349)
2024-04-06 13:33:50,864 [INFO] ApiDb:448 - Save user favorites file C:\Users\Borch/.stm32cubeide/favorites.mcus.txt: 0 item(s)
2024-04-06 13:33:50,864 [INFO] ApiDb:452 - User favorites MCUs=[]
2024-04-06 13:33:50,874 [INFO] ApiDb:581 - Connected to CubeFinder SQLite database (C:\Users\Borch\.stmcufinder\plugins\mcufinder\mcu\cube-finder-db.db)
2024-04-06 13:33:51,098 [INFO] ApiDb:668 - CubeFinder database Data Model version=2.1
2024-04-06 13:33:51,098 [INFO] ApiDb:669 - CubeFinder database Configuration version=3.0.39
2024-04-06 13:33:51,098 [INFO] ApiDb:670 - CubeFinder database generation date=2024-03-25 (1711369621)
2024-04-06 13:33:51,098 [INFO] ApiDb:671 - CubeFinder database FW Pack versions=[FP-ATR-ASTRA1_V2.0.0, FP-SNS-FLIGHT1_V5.0.1, FP-SNS-FLIGHT1_V5.0.2, FP-SNS-MOTENV1_V4.3.1, FP-SNS-MOTENV1_V4.3.2, FP-SNS-MOTENVWB1_V1.3.1, FP-SNS-SMARTAG2_V1.2.0, STM32Cube_FW_C0_V1.1.0, STM32Cube_FW_F4_V1.28.0, STM32Cube_FW_F7_V1.17.0, STM32Cube_FW_G0_V1.6.2, STM32Cube_FW_G4_V1.5.2, STM32Cube_FW_H5_V0.5.1, STM32Cube_FW_H5_V1.1.1, STM32Cube_FW_H5_V1.2.0, STM32Cube_FW_H5_V1.2.0RC4, STM32Cube_FW_H7RS_V1.0.0, STM32Cube_FW_H7RS_V1.0.0RC4, STM32Cube_FW_H7_V1.11.0, STM32Cube_FW_L0_V1.12.2, STM32Cube_FW_L5_V1.5.1, STM32Cube_FW_U0_V1.0.0, STM32Cube_FW_U0_V1.0.0RC1, STM32Cube_FW_U5_V1.3.0RC4, STM32Cube_FW_U5_V1.5.0, STM32Cube_FW_U5_V1.5.0RC1, STM32Cube_FW_WBA_V1.0.0RC1, STM32Cube_FW_WBA_V1.2.0, STM32Cube_FW_WBA_V1.2.0RC2, STM32Cube_FW_WBA_V1.3.0, STM32Cube_FW_WBA_V1.3.0RC1, STM32Cube_FW_WB_V1.15.0RC1, STM32Cube_FW_WB_V1.16.0, STM32Cube_FW_WB_V1.16.0RC2, STM32Cube_FW_WB_V1.18.0, STM32Cube_FW_WB_V1.19.0, STM32Cube_FW_WL_V1.3.0, X-CUBE-ALGOBUILD_V1.3.0, X-CUBE-ALS_V1.0.1, X-CUBE-AZRTOS-F4_V1.1.0, X-CUBE-AZRTOS-F7_V1.1.0, X-CUBE-AZRTOS-G0_V1.1.0, X-CUBE-AZRTOS-G4_V2.0.0, X-CUBE-AZRTOS-H7_V3.2.0, X-CUBE-AZRTOS-L4_V1.0.0, X-CUBE-AZRTOS-L4_V2.0.0, X-CUBE-AZRTOS-L5_V1.1.0, X-CUBE-AZRTOS-WB_V2.0.0, X-CUBE-AZRTOS-WL_V2.0.0, X-CUBE-BLE1_V7.0.0, X-CUBE-BLE2_V3.3.0, X-CUBE-BLEMGR_V3.1.0, X-CUBE-EEPRMA1_V4.1.0, X-CUBE-EEPRMA1_V5.1.0, X-CUBE-FREERTOS_V1.1.0, X-CUBE-GNSS1_V6.0.0, X-CUBE-MEMS1_V10.0.0, X-CUBE-MEMS1_V9.1.0, X-CUBE-MEMS1_V9.4.0, X-CUBE-MEMS1_V9.6.0, X-CUBE-NFC4_V3.0.0, X-CUBE-NFC7_V1.0.1, X-CUBE-SFXS2LP1_V4.0.0, X-CUBE-SUBG2_V5.0.0, X-CUBE-TOF1_V3.4.0]
2024-04-06 13:33:54,873 [INFO] ApiDb:240 - Found 297 in-development CPN: [B-G473E-ZEST1S, B-WB1M-WPAN1, B-WL5M-SUBG1, NUCLEO-C031C6, NUCLEO-H503RB, NUCLEO-H563ZI, NUCLEO-U545RE-Q, NUCLEO-U5A5ZJ-Q, NUCLEO-WBA52CG, STEVAL-PROTEUS1, STEVAL-STWINBX1, STM320518-EVAL, STM32C0116-DK, STM32C011D6Y3TR, STM32C011D6Y6TR, STM32C011F4P3, STM32C011F4P6, STM32C011F4U3, STM32C011F4U6TR, STM32C011F6P3, STM32C011F6P6, STM32C011F6U3, STM32C011F6U6TR, STM32C011J4M3, STM32C011J4M6, STM32C011J6M3, STM32C011J6M6, STM32C0316-DK, STM32C031C4T3, STM32C031C4T6, STM32C031C4U3, STM32C031C4U6, STM32C031C6T3, STM32C031C6T6, STM32C031C6U3, STM32C031C6U6, STM32C031F4P3, STM32C031F4P6, STM32C031F6P3, STM32C031F6P6, STM32C031G4U3, STM32C031G4U6, STM32C031G6U3, STM32C031G6U6, STM32C031K4T3, STM32C031K4T6, STM32C031K4U3, STM32C031K4U6, STM32C031K6T3, STM32C031K6T6, STM32C031K6U3, STM32C031K6U6, STM32G071K8TXN, STM32G071K8UXN, STM32G081GBU6N, STM32G081KBT6N, STM32G081KBUXN, STM32G0B1CCT6N, STM32G0B1KCT6, STM32G0B1NEY6TR, STM32G0B1RCT6N, STM32G0C1CCT6, STM32G0C1CCT6N, STM32G0C1CCU6N, STM32G0C1CET6N, STM32G0C1CEU6N, STM32G0C1KCT6, STM32G0C1NEY6TR, STM32G0C1RCI6N, STM32G0C1RCT6N, STM32G0C1REI6N, STM32G0C1RET6N, STM32G0C1VCI6, STM32G0C1VEI6, STM32G471CCT6, STM32G471CCU6, STM32G471CET3, STM32G471CET6, STM32G471CEU3, STM32G471CEU6, STM32G471MCT6, STM32G471MET3, STM32G471MET6, STM32G471MEY6TR, STM32G471QCT6, STM32G471QET3, STM32G471RCT6, STM32G471RET3, STM32G471RET6, STM32G471VCH6, STM32G471VCI6, STM32G471VCT6, STM32G471VEH3, STM32G471VEH6, STM32G471VEI3, STM32G471VEI6, STM32G471VET3, STM32G471VET6, STM32G474CCT6, STM32H503CBT6, STM32H503CBU6, STM32H503EBY6TR, STM32H503KBU6, STM32H503RBT6, STM32H562AGI6, STM32H562AII6, STM32H562IGK6, STM32H562IGT6, STM32H562IIK6, STM32H562IIT6, STM32H562RGT6, STM32H562RGV6, STM32H562RIT6, STM32H562RIV6, STM32H562VGT6, STM32H562VIT6, STM32H562ZGT6, STM32H562ZIT6, STM32H563AGI6, STM32H563AII3Q, STM32H563AII6, STM32H563IGK6, STM32H563IGT6, STM32H563IIK3Q, STM32H563IIK6, STM32H563IIT3Q, STM32H563IIT6, STM32H563MIY3QTR, STM32H563RGT6, STM32H563RGV6, STM32H563RIT6, STM32H563RIV6, STM32H563VGT6, STM32H563VIT3Q, STM32H563VIT6, STM32H563ZGT6, STM32H563ZIT3Q, STM32H563ZIT6, STM32H573AII3Q, STM32H573AII6, STM32H573I-DK, STM32H573IIK3Q, STM32H573IIK6, STM32H573IIT3Q, STM32H573IIT6, STM32H573MIY3QTR, STM32H573RIT6, STM32H573RIV6, STM32H573VIT3Q, STM32H573VIT6, STM32H573ZIT3Q, STM32H573ZIT6, STM32L4R5QGI6STR, STM32MP131AAE3, STM32MP131AAF3, STM32MP131AAG3, STM32MP131CAE3, STM32MP131CAF3, STM32MP131CAG3, STM32MP131DAE7, STM32MP131DAF7, STM32MP131DAG7, STM32MP131FAE7, STM32MP131FAF7, STM32MP131FAG7, STM32MP133AAE3, STM32MP133AAF3, STM32MP133AAG3, STM32MP133CAE3, STM32MP133CAF3, STM32MP133CAG3, STM32MP133DAE7, STM32MP133DAF7, STM32MP133DAG7, STM32MP133FAE7, STM32MP133FAF7, STM32MP133FAG7, STM32MP135AAE3, STM32MP135AAF3, STM32MP135AAG3, STM32MP135CAE3, STM32MP135CAF3, STM32MP135CAG3, STM32MP135DAE7, STM32MP135DAF7, STM32MP135DAG7, STM32MP135F-DK, STM32MP135FAE7, STM32MP135FAF7, STM32MP135FAF7T, STM32MP135FAF7U, STM32MP135FAG7, STM32U535CBT6, STM32U535CBT6Q, STM32U535CBU6, STM32U535CBU6Q, STM32U535CCT6, STM32U535CCT6Q, STM32U535CCU6, STM32U535CCU6Q, STM32U535CET6, STM32U535CET6Q, STM32U535CEU6, STM32U535CEU6Q, STM32U535JEY6QTR, STM32U535NCY6QTR, STM32U535NEY6QTR, STM32U535RBI6, STM32U535RBI6Q, STM32U535RBT6, STM32U535RBT6Q, STM32U535RCI6, STM32U535RCI6Q, STM32U535RCT6, STM32U535RCT6Q, STM32U535REI6, STM32U535REI6Q, STM32U535RET6, STM32U535RET6Q, STM32U535VCI6, STM32U535VCI6Q, STM32U535VCT6, STM32U535VCT6Q, STM32U535VEI6, STM32U535VEI6Q, STM32U535VET6, STM32U535VET6Q, STM32U545CET6, STM32U545CET6Q, STM32U545CEU6, STM32U545CEU6Q, STM32U545JEY6QTR, STM32U545NEY6QTR, STM32U545REI6, STM32U545REI6Q, STM32U545RET6, STM32U545RET6Q, STM32U545VEI6, STM32U545VEI6Q, STM32U545VET6, STM32U545VET6Q, STM32U595AIH6, STM32U595AIH6Q, STM32U595AJH6, STM32U595AJH6Q, STM32U595QII6, STM32U595QII6Q, STM32U595QJI6, STM32U595QJI6Q, STM32U595RIT6, STM32U595RIT6Q, STM32U595RJT6, STM32U595RJT6Q, STM32U595VIT6, STM32U595VIT6Q, STM32U595VJT6, STM32U595VJT6Q, STM32U595ZIT6, STM32U595ZIT6Q, STM32U595ZIY6QTR, STM32U595ZJT6, STM32U595ZJT6Q, STM32U595ZJY6QTR, STM32U599BJY6QTR, STM32U599NIH6Q, STM32U599NJH6Q, STM32U599VIT6Q, STM32U599VJT6, STM32U599VJT6Q, STM32U599ZIT6Q, STM32U599ZIY6QTR, STM32U599ZJT6Q, STM32U599ZJY6QTR, STM32U5A5AJH6, STM32U5A5AJH6Q, STM32U5A5QJI6, STM32U5A5QJI6Q, STM32U5A5RJT6, STM32U5A5RJT6Q, STM32U5A5VJT6, STM32U5A5VJT6Q, STM32U5A5ZJT6, STM32U5A5ZJT6Q, STM32U5A5ZJY6QTR, STM32U5A9BJY6QTR, STM32U5A9J-DK, STM32U5A9NJH6Q, STM32U5A9VJT6Q, STM32U5A9ZJT6Q, STM32U5A9ZJY6QTR, STM32WB1MMCH6, STM32WBA52CEU6, STM32WBA52CEU6T, STM32WBA52CGU6, STM32WBA52CGU6T, STM32WL5MOCH6, STM32WL5MOCH6TR]
2024-04-06 13:33:54,888 [INFO] DbMcus:216 - Found 4043 MCUs, 4043 are supported
2024-04-06 13:33:54,888 [INFO] ApiDb:423 - Load user favorites file C:\Users\Borch/.stm32cubeide/favorites.mcus.txt: 0 item(s)
2024-04-06 13:33:54,888 [INFO] ApiDb:427 - User favorites MCUs=[]
2024-04-06 13:33:54,888 [INFO] DbMcus:222 - Set 0 / 0 favorites MCUs
2024-04-06 13:33:56,820 [INFO] ApiDb:448 - Save user favorites file C:\Users\Borch/.stm32cubeide/favorites.boards.txt: 0 item(s)
2024-04-06 13:33:56,820 [INFO] ApiDb:452 - User favorites Boards=[]
2024-04-06 13:33:56,822 [INFO] ApiDb:581 - Connected to CubeFinder SQLite database (C:\Users\Borch\.stmcufinder\plugins\mcufinder\mcu\cube-finder-db.db)
2024-04-06 13:33:56,951 [INFO] ApiDb:668 - CubeFinder database Data Model version=2.1
2024-04-06 13:33:56,951 [INFO] ApiDb:669 - CubeFinder database Configuration version=3.0.39
2024-04-06 13:33:56,951 [INFO] ApiDb:670 - CubeFinder database generation date=2024-03-25 (1711369621)
2024-04-06 13:33:56,951 [INFO] ApiDb:671 - CubeFinder database FW Pack versions=[FP-ATR-ASTRA1_V2.0.0, FP-SNS-FLIGHT1_V5.0.1, FP-SNS-FLIGHT1_V5.0.2, FP-SNS-MOTENV1_V4.3.1, FP-SNS-MOTENV1_V4.3.2, FP-SNS-MOTENVWB1_V1.3.1, FP-SNS-SMARTAG2_V1.2.0, STM32Cube_FW_C0_V1.1.0, STM32Cube_FW_F4_V1.28.0, STM32Cube_FW_F7_V1.17.0, STM32Cube_FW_G0_V1.6.2, STM32Cube_FW_G4_V1.5.2, STM32Cube_FW_H5_V0.5.1, STM32Cube_FW_H5_V1.1.1, STM32Cube_FW_H5_V1.2.0, STM32Cube_FW_H5_V1.2.0RC4, STM32Cube_FW_H7RS_V1.0.0, STM32Cube_FW_H7RS_V1.0.0RC4, STM32Cube_FW_H7_V1.11.0, STM32Cube_FW_L0_V1.12.2, STM32Cube_FW_L5_V1.5.1, STM32Cube_FW_U0_V1.0.0, STM32Cube_FW_U0_V1.0.0RC1, STM32Cube_FW_U5_V1.3.0RC4, STM32Cube_FW_U5_V1.5.0, STM32Cube_FW_U5_V1.5.0RC1, STM32Cube_FW_WBA_V1.0.0RC1, STM32Cube_FW_WBA_V1.2.0, STM32Cube_FW_WBA_V1.2.0RC2, STM32Cube_FW_WBA_V1.3.0, STM32Cube_FW_WBA_V1.3.0RC1, STM32Cube_FW_WB_V1.15.0RC1, STM32Cube_FW_WB_V1.16.0, STM32Cube_FW_WB_V1.16.0RC2, STM32Cube_FW_WB_V1.18.0, STM32Cube_FW_WB_V1.19.0, STM32Cube_FW_WL_V1.3.0, X-CUBE-ALGOBUILD_V1.3.0, X-CUBE-ALS_V1.0.1, X-CUBE-AZRTOS-F4_V1.1.0, X-CUBE-AZRTOS-F7_V1.1.0, X-CUBE-AZRTOS-G0_V1.1.0, X-CUBE-AZRTOS-G4_V2.0.0, X-CUBE-AZRTOS-H7_V3.2.0, X-CUBE-AZRTOS-L4_V1.0.0, X-CUBE-AZRTOS-L4_V2.0.0, X-CUBE-AZRTOS-L5_V1.1.0, X-CUBE-AZRTOS-WB_V2.0.0, X-CUBE-AZRTOS-WL_V2.0.0, X-CUBE-BLE1_V7.0.0, X-CUBE-BLE2_V3.3.0, X-CUBE-BLEMGR_V3.1.0, X-CUBE-EEPRMA1_V4.1.0, X-CUBE-EEPRMA1_V5.1.0, X-CUBE-FREERTOS_V1.1.0, X-CUBE-GNSS1_V6.0.0, X-CUBE-MEMS1_V10.0.0, X-CUBE-MEMS1_V9.1.0, X-CUBE-MEMS1_V9.4.0, X-CUBE-MEMS1_V9.6.0, X-CUBE-NFC4_V3.0.0, X-CUBE-NFC7_V1.0.1, X-CUBE-SFXS2LP1_V4.0.0, X-CUBE-SUBG2_V5.0.0, X-CUBE-TOF1_V3.4.0]
2024-04-06 13:33:57,116 [INFO] DbBoardsSqlite:226 - include board P-NUCLEO-WB55-NUCLEO as a kit item of type 'Nucleo-64'
2024-04-06 13:33:57,116 [INFO] DbBoardsSqlite:226 - include board P-NUCLEO-WB55-USBDONGLE as a kit item of type 'Nucleo USB Dongle'
2024-04-06 13:33:57,117 [INFO] DbBoardsSqlite:226 - include board STEVAL-IDP005V1 as a kit item of type 'Evaluation Board'
2024-04-06 13:33:57,117 [INFO] DbBoardsSqlite:226 - include board STEVAL-IDP005V2 as a kit item of type 'Evaluation Board'
2024-04-06 13:33:57,246 [INFO] ApiDb:240 - Found 297 in-development CPN: [B-G473E-ZEST1S, B-WB1M-WPAN1, B-WL5M-SUBG1, NUCLEO-C031C6, NUCLEO-H503RB, NUCLEO-H563ZI, NUCLEO-U545RE-Q, NUCLEO-U5A5ZJ-Q, NUCLEO-WBA52CG, STEVAL-PROTEUS1, STEVAL-STWINBX1, STM320518-EVAL, STM32C0116-DK, STM32C011D6Y3TR, STM32C011D6Y6TR, STM32C011F4P3, STM32C011F4P6, STM32C011F4U3, STM32C011F4U6TR, STM32C011F6P3, STM32C011F6P6, STM32C011F6U3, STM32C011F6U6TR, STM32C011J4M3, STM32C011J4M6, STM32C011J6M3, STM32C011J6M6, STM32C0316-DK, STM32C031C4T3, STM32C031C4T6, STM32C031C4U3, STM32C031C4U6, STM32C031C6T3, STM32C031C6T6, STM32C031C6U3, STM32C031C6U6, STM32C031F4P3, STM32C031F4P6, STM32C031F6P3, STM32C031F6P6, STM32C031G4U3, STM32C031G4U6, STM32C031G6U3, STM32C031G6U6, STM32C031K4T3, STM32C031K4T6, STM32C031K4U3, STM32C031K4U6, STM32C031K6T3, STM32C031K6T6, STM32C031K6U3, STM32C031K6U6, STM32G071K8TXN, STM32G071K8UXN, STM32G081GBU6N, STM32G081KBT6N, STM32G081KBUXN, STM32G0B1CCT6N, STM32G0B1KCT6, STM32G0B1NEY6TR, STM32G0B1RCT6N, STM32G0C1CCT6, STM32G0C1CCT6N, STM32G0C1CCU6N, STM32G0C1CET6N, STM32G0C1CEU6N, STM32G0C1KCT6, STM32G0C1NEY6TR, STM32G0C1RCI6N, STM32G0C1RCT6N, STM32G0C1REI6N, STM32G0C1RET6N, STM32G0C1VCI6, STM32G0C1VEI6, STM32G471CCT6, STM32G471CCU6, STM32G471CET3, STM32G471CET6, STM32G471CEU3, STM32G471CEU6, STM32G471MCT6, STM32G471MET3, STM32G471MET6, STM32G471MEY6TR, STM32G471QCT6, STM32G471QET3, STM32G471RCT6, STM32G471RET3, STM32G471RET6, STM32G471VCH6, STM32G471VCI6, STM32G471VCT6, STM32G471VEH3, STM32G471VEH6, STM32G471VEI3, STM32G471VEI6, STM32G471VET3, STM32G471VET6, STM32G474CCT6, STM32H503CBT6, STM32H503CBU6, STM32H503EBY6TR, STM32H503KBU6, STM32H503RBT6, STM32H562AGI6, STM32H562AII6, STM32H562IGK6, STM32H562IGT6, STM32H562IIK6, STM32H562IIT6, STM32H562RGT6, STM32H562RGV6, STM32H562RIT6, STM32H562RIV6, STM32H562VGT6, STM32H562VIT6, STM32H562ZGT6, STM32H562ZIT6, STM32H563AGI6, STM32H563AII3Q, STM32H563AII6, STM32H563IGK6, STM32H563IGT6, STM32H563IIK3Q, STM32H563IIK6, STM32H563IIT3Q, STM32H563IIT6, STM32H563MIY3QTR, STM32H563RGT6, STM32H563RGV6, STM32H563RIT6, STM32H563RIV6, STM32H563VGT6, STM32H563VIT3Q, STM32H563VIT6, STM32H563ZGT6, STM32H563ZIT3Q, STM32H563ZIT6, STM32H573AII3Q, STM32H573AII6, STM32H573I-DK, STM32H573IIK3Q, STM32H573IIK6, STM32H573IIT3Q, STM32H573IIT6, STM32H573MIY3QTR, STM32H573RIT6, STM32H573RIV6, STM32H573VIT3Q, STM32H573VIT6, STM32H573ZIT3Q, STM32H573ZIT6, STM32L4R5QGI6STR, STM32MP131AAE3, STM32MP131AAF3, STM32MP131AAG3, STM32MP131CAE3, STM32MP131CAF3, STM32MP131CAG3, STM32MP131DAE7, STM32MP131DAF7, STM32MP131DAG7, STM32MP131FAE7, STM32MP131FAF7, STM32MP131FAG7, STM32MP133AAE3, STM32MP133AAF3, STM32MP133AAG3, STM32MP133CAE3, STM32MP133CAF3, STM32MP133CAG3, STM32MP133DAE7, STM32MP133DAF7, STM32MP133DAG7, STM32MP133FAE7, STM32MP133FAF7, STM32MP133FAG7, STM32MP135AAE3, STM32MP135AAF3, STM32MP135AAG3, STM32MP135CAE3, STM32MP135CAF3, STM32MP135CAG3, STM32MP135DAE7, STM32MP135DAF7, STM32MP135DAG7, STM32MP135F-DK, STM32MP135FAE7, STM32MP135FAF7, STM32MP135FAF7T, STM32MP135FAF7U, STM32MP135FAG7, STM32U535CBT6, STM32U535CBT6Q, STM32U535CBU6, STM32U535CBU6Q, STM32U535CCT6, STM32U535CCT6Q, STM32U535CCU6, STM32U535CCU6Q, STM32U535CET6, STM32U535CET6Q, STM32U535CEU6, STM32U535CEU6Q, STM32U535JEY6QTR, STM32U535NCY6QTR, STM32U535NEY6QTR, STM32U535RBI6, STM32U535RBI6Q, STM32U535RBT6, STM32U535RBT6Q, STM32U535RCI6, STM32U535RCI6Q, STM32U535RCT6, STM32U535RCT6Q, STM32U535REI6, STM32U535REI6Q, STM32U535RET6, STM32U535RET6Q, STM32U535VCI6, STM32U535VCI6Q, STM32U535VCT6, STM32U535VCT6Q, STM32U535VEI6, STM32U535VEI6Q, STM32U535VET6, STM32U535VET6Q, STM32U545CET6, STM32U545CET6Q, STM32U545CEU6, STM32U545CEU6Q, STM32U545JEY6QTR, STM32U545NEY6QTR, STM32U545REI6, STM32U545REI6Q, STM32U545RET6, STM32U545RET6Q, STM32U545VEI6, STM32U545VEI6Q, STM32U545VET6, STM32U545VET6Q, STM32U595AIH6, STM32U595AIH6Q, STM32U595AJH6, STM32U595AJH6Q, STM32U595QII6, STM32U595QII6Q, STM32U595QJI6, STM32U595QJI6Q, STM32U595RIT6, STM32U595RIT6Q, STM32U595RJT6, STM32U595RJT6Q, STM32U595VIT6, STM32U595VIT6Q, STM32U595VJT6, STM32U595VJT6Q, STM32U595ZIT6, STM32U595ZIT6Q, STM32U595ZIY6QTR, STM32U595ZJT6, STM32U595ZJT6Q, STM32U595ZJY6QTR, STM32U599BJY6QTR, STM32U599NIH6Q, STM32U599NJH6Q, STM32U599VIT6Q, STM32U599VJT6, STM32U599VJT6Q, STM32U599ZIT6Q, STM32U599ZIY6QTR, STM32U599ZJT6Q, STM32U599ZJY6QTR, STM32U5A5AJH6, STM32U5A5AJH6Q, STM32U5A5QJI6, STM32U5A5QJI6Q, STM32U5A5RJT6, STM32U5A5RJT6Q, STM32U5A5VJT6, STM32U5A5VJT6Q, STM32U5A5ZJT6, STM32U5A5ZJT6Q, STM32U5A5ZJY6QTR, STM32U5A9BJY6QTR, STM32U5A9J-DK, STM32U5A9NJH6Q, STM32U5A9VJT6Q, STM32U5A9ZJT6Q, STM32U5A9ZJY6QTR, STM32WB1MMCH6, STM32WBA52CEU6, STM32WBA52CEU6T, STM32WBA52CGU6, STM32WBA52CGU6T, STM32WL5MOCH6, STM32WL5MOCH6TR]
2024-04-06 13:33:57,397 [INFO] BoardInfo:880 - No configuration file found for board NUCLEO-H7S3L8
2024-04-06 13:33:57,397 [INFO] DbBoards:157 - Board is not supported: NUCLEO-H7S3L8
2024-04-06 13:33:57,465 [INFO] BoardInfo:880 - No configuration file found for board NUCLEO-U031R8
2024-04-06 13:33:57,466 [INFO] DbBoards:157 - Board is not supported: NUCLEO-U031R8
2024-04-06 13:33:57,469 [INFO] BoardInfo:880 - No configuration file found for board NUCLEO-U083RC
2024-04-06 13:33:57,469 [INFO] DbBoards:157 - Board is not supported: NUCLEO-U083RC
2024-04-06 13:33:57,486 [INFO] BoardInfo:880 - No configuration file found for board NUCLEO-WBA55CG
2024-04-06 13:33:57,486 [INFO] DbBoards:157 - Board is not supported: NUCLEO-WBA55CG
2024-04-06 13:33:57,495 [INFO] BoardInfo:880 - No configuration file found for board P-NUCLEO-WB55
2024-04-06 13:33:57,495 [INFO] DbBoards:157 - Kit is not supported: P-NUCLEO-WB55
2024-04-06 13:33:57,506 [INFO] BoardInfo:880 - No configuration file found for board STEVAL-BFA001V1B
2024-04-06 13:33:57,506 [INFO] DbBoards:157 - Kit is not supported: STEVAL-BFA001V1B
2024-04-06 13:33:57,506 [INFO] BoardInfo:880 - No configuration file found for board STEVAL-BFA001V2B
2024-04-06 13:33:57,506 [INFO] DbBoards:157 - Kit is not supported: STEVAL-BFA001V2B
2024-04-06 13:33:57,511 [INFO] BoardInfo:880 - No configuration file found for board STEVAL-MKBOXPRO
2024-04-06 13:33:57,511 [INFO] DbBoards:157 - Board is not supported: STEVAL-MKBOXPRO
2024-04-06 13:33:57,521 [INFO] BoardInfo:880 - No configuration file found for board STEVAL-SMARTAG2
2024-04-06 13:33:57,521 [INFO] DbBoards:157 - Board is not supported: STEVAL-SMARTAG2
2024-04-06 13:33:57,741 [INFO] BoardInfo:880 - No configuration file found for board STM32H7S78-DK
2024-04-06 13:33:57,745 [INFO] DbBoards:157 - Board is not supported: STM32H7S78-DK
2024-04-06 13:33:57,807 [INFO] BoardInfo:880 - No configuration file found for board STM32U083C-DK
2024-04-06 13:33:57,808 [INFO] DbBoards:157 - Board is not supported: STM32U083C-DK
2024-04-06 13:33:57,818 [INFO] BoardInfo:880 - No configuration file found for board STM32U5G9J-DK1
2024-04-06 13:33:57,819 [INFO] DbBoards:157 - Board is not supported: STM32U5G9J-DK1
2024-04-06 13:33:57,822 [INFO] BoardInfo:880 - No configuration file found for board STM32U5G9J-DK2
2024-04-06 13:33:57,822 [INFO] DbBoards:157 - Board is not supported: STM32U5G9J-DK2
2024-04-06 13:33:57,837 [INFO] DbBoards:161 - Found 197 boards, 184 are supported
2024-04-06 13:33:57,843 [INFO] ApiDb:423 - Load user favorites file C:\Users\Borch/.stm32cubeide/favorites.boards.txt: 0 item(s)
2024-04-06 13:33:57,843 [INFO] ApiDb:427 - User favorites Boards=[]
2024-04-06 13:33:57,843 [INFO] DbBoards:190 - Set 0 / 0 favorites Boards
2024-04-06 13:33:57,972 [INFO] ServerAccessManage:473 - Download File 
2024-04-06 13:33:57,999 [INFO] LoadUrlFilesThread:185 - End of LoadServerUrlFiles without Thread
2024-04-06 13:33:57,999 [INFO] TargetSelectorAdapter:259 - Refresh data is successful
2024-04-06 13:33:58,003 [INFO] ApiDb:668 - CubeFinder database Data Model version=2.1
2024-04-06 13:33:58,003 [INFO] ApiDb:669 - CubeFinder database Configuration version=3.0.39
2024-04-06 13:33:58,003 [INFO] ApiDb:670 - CubeFinder database generation date=2024-03-25 (1711369621)
2024-04-06 13:33:58,003 [INFO] ApiDb:671 - CubeFinder database FW Pack versions=[FP-ATR-ASTRA1_V2.0.0, FP-SNS-FLIGHT1_V5.0.1, FP-SNS-FLIGHT1_V5.0.2, FP-SNS-MOTENV1_V4.3.1, FP-SNS-MOTENV1_V4.3.2, FP-SNS-MOTENVWB1_V1.3.1, FP-SNS-SMARTAG2_V1.2.0, STM32Cube_FW_C0_V1.1.0, STM32Cube_FW_F4_V1.28.0, STM32Cube_FW_F7_V1.17.0, STM32Cube_FW_G0_V1.6.2, STM32Cube_FW_G4_V1.5.2, STM32Cube_FW_H5_V0.5.1, STM32Cube_FW_H5_V1.1.1, STM32Cube_FW_H5_V1.2.0, STM32Cube_FW_H5_V1.2.0RC4, STM32Cube_FW_H7RS_V1.0.0, STM32Cube_FW_H7RS_V1.0.0RC4, STM32Cube_FW_H7_V1.11.0, STM32Cube_FW_L0_V1.12.2, STM32Cube_FW_L5_V1.5.1, STM32Cube_FW_U0_V1.0.0, STM32Cube_FW_U0_V1.0.0RC1, STM32Cube_FW_U5_V1.3.0RC4, STM32Cube_FW_U5_V1.5.0, STM32Cube_FW_U5_V1.5.0RC1, STM32Cube_FW_WBA_V1.0.0RC1, STM32Cube_FW_WBA_V1.2.0, STM32Cube_FW_WBA_V1.2.0RC2, STM32Cube_FW_WBA_V1.3.0, STM32Cube_FW_WBA_V1.3.0RC1, STM32Cube_FW_WB_V1.15.0RC1, STM32Cube_FW_WB_V1.16.0, STM32Cube_FW_WB_V1.16.0RC2, STM32Cube_FW_WB_V1.18.0, STM32Cube_FW_WB_V1.19.0, STM32Cube_FW_WL_V1.3.0, X-CUBE-ALGOBUILD_V1.3.0, X-CUBE-ALS_V1.0.1, X-CUBE-AZRTOS-F4_V1.1.0, X-CUBE-AZRTOS-F7_V1.1.0, X-CUBE-AZRTOS-G0_V1.1.0, X-CUBE-AZRTOS-G4_V2.0.0, X-CUBE-AZRTOS-H7_V3.2.0, X-CUBE-AZRTOS-L4_V1.0.0, X-CUBE-AZRTOS-L4_V2.0.0, X-CUBE-AZRTOS-L5_V1.1.0, X-CUBE-AZRTOS-WB_V2.0.0, X-CUBE-AZRTOS-WL_V2.0.0, X-CUBE-BLE1_V7.0.0, X-CUBE-BLE2_V3.3.0, X-CUBE-BLEMGR_V3.1.0, X-CUBE-EEPRMA1_V4.1.0, X-CUBE-EEPRMA1_V5.1.0, X-CUBE-FREERTOS_V1.1.0, X-CUBE-GNSS1_V6.0.0, X-CUBE-MEMS1_V10.0.0, X-CUBE-MEMS1_V9.1.0, X-CUBE-MEMS1_V9.4.0, X-CUBE-MEMS1_V9.6.0, X-CUBE-NFC4_V3.0.0, X-CUBE-NFC7_V1.0.1, X-CUBE-SFXS2LP1_V4.0.0, X-CUBE-SUBG2_V5.0.0, X-CUBE-TOF1_V3.4.0]
2024-04-06 13:34:00,352 [ERROR] DbExamplesSqlite:418 - Missing JSON key: board_cpn
2024-04-06 13:34:00,360 [ERROR] DbExamplesSqlite:418 - Missing JSON key: board_cpn
2024-04-06 13:34:00,360 [ERROR] DbExamplesSqlite:418 - Missing JSON key: board_cpn
2024-04-06 13:34:00,360 [ERROR] DbExamplesSqlite:418 - Missing JSON key: board_cpn
2024-04-06 13:34:00,617 [INFO] DbExamplesSqlite:376 - Ignored 60 examples not supported by CubeIDE
2024-04-06 13:34:00,617 [INFO] DbExamplesSqlite:377 - Found 8152 examples active
2024-04-06 13:34:00,618 [INFO] DbExamplesSqlite:378 - Found 871 examples obsolete
2024-04-06 13:34:00,618 [INFO] DbExamplesSqlite:379 - Found 0 examples under development
2024-04-06 13:34:00,618 [INFO] DbExamplesSqlite:380 - Found 10 examples not building
2024-04-06 13:34:00,621 [INFO] DbExamples:125 - Found 8102 examples
2024-04-06 13:34:00,761 [ERROR] DbExamples:208 - Found 80 examples with invalid data (board or MCU)
2024-04-06 13:34:00,761 [INFO] DbExamples:222 - Found 99 boards with related examples
2024-04-06 13:34:00,761 [INFO] DbExamples:235 - Found 85 MCUs with related examples
2024-04-06 13:34:00,801 [INFO] ApiDb:414 - User favorites file not found: C:\Users\Borch/.stm32cubeide/favorites.examples.txt
2024-04-06 13:34:00,804 [INFO] DbExamples:250 - Set 0 / 0 favorites Examples
2024-04-06 13:34:00,890 [INFO] McuFinderGlobals:66 - Set McuFinderConnectedMode to true
2024-04-06 13:34:00,902 [INFO] MultiScanPanel:200 - Auto-refresh data requested => check proxy status ongoing
2024-04-06 13:34:00,906 [INFO] FinderPluginLoader:95 - Searching for filters in installed packs
2024-04-06 13:34:02,745 [INFO] LoadUrlFilesThread:185 - End of LoadServerUrlFiles without Thread
2024-04-06 13:34:03,027 [INFO] DetailPanel:341 - Set advertising image to C:/Users/Borch/STM32Cube/Repository/\en.prom-stm32wl3-mcu-finder.jpg
2024-04-06 13:34:15,520 [INFO] MultiScanPanel:200 - Auto-refresh data requested => check proxy status ongoing
2024-04-06 13:34:15,650 [INFO] LoadUrlFilesThread:185 - End of LoadServerUrlFiles without Thread
2024-04-06 13:34:15,655 [INFO] DetailPanel:341 - Set advertising image to C:/Users/Borch/STM32Cube/Repository/\en.prom-stm32wl3-mcu-finder.jpg
2024-04-06 13:34:27,411 [INFO] MetaSearchPanel:254 - search for filter with key=STM32F4
2024-04-06 13:34:27,411 [INFO] MetaSearchPanel:355 - search for filter component McuSeries
2024-04-06 13:34:27,411 [INFO] MetaSearchPanel:329 - Collapse all filters sections
2024-04-06 13:35:44,621 [INFO] MetaSearchPanel:329 - Collapse all filters sections
2024-04-06 13:35:52,050 [INFO] MetaSearchPanel:254 - search for filter with key=STM32F4
2024-04-06 13:35:52,050 [INFO] MetaSearchPanel:355 - search for filter component McuSeries
2024-04-06 13:35:52,050 [INFO] MetaSearchPanel:329 - Collapse all filters sections
2024-04-06 13:36:53,820 [INFO] MainUpdater:2854 - connection check result : 10
2024-04-06 13:36:53,820 [INFO] MainUpdater:2854 - connection check result : 10
2024-04-06 13:36:53,921 [INFO] MicroXplorer:468 - Change Database Path : 
2024-04-06 13:36:53,921 [INFO] MicroXplorer:498 - Change Database Version : DB.6.0.80
2024-04-06 13:36:53,921 [WARN] ThirdParty:871 - waiting for thirdparty lock release [close project]
2024-04-06 13:36:53,921 [INFO] ThirdParty:873 - entering critical section [close project]
2024-04-06 13:36:53,925 [INFO] ThirdParty:883 - exiting critical section [close project]
2024-04-06 13:36:53,945 [INFO] PinOutPanel:1499 - setPackage(No Configuration,No Configuration)
2024-04-06 13:36:53,955 [INFO] UtilMem:75 - Begin LoadConfig() Used Memory: 672815696 Bytes (904921088)
2024-04-06 13:36:53,971 [INFO] OpenFileManager:308 - Change cursor
2024-04-06 13:36:54,010 [WARN] IntegrityCheckThread:84 - waiting for thirdparty lock release [integrity check]
2024-04-06 13:36:54,010 [INFO] IntegrityCheckThread:86 - entering critical section [integrity check]
2024-04-06 13:36:54,700 [WARN] PackLoader:240 - Cannot read IP mode file for STMicroelectronics.X-CUBE-SMBUS.2.1.0
2024-04-06 13:36:54,735 [WARN] PackLoader:240 - Cannot read IP mode file for STMicroelectronics.X-CUBE-TOUCHGFX.4.23.0
2024-04-06 13:36:54,740 [WARN] PackLoader:240 - Cannot read IP mode file for STMicroelectronics.X-CUBE-TOUCHGFX.4.23.2
2024-04-06 13:36:54,836 [WARN] PackLoader:240 - Cannot read IP mode file for STMicroelectronics.X-CUBE-AZRTOS-F7.1.1.0
2024-04-06 13:36:54,899 [WARN] PackLoader:240 - Cannot read IP mode file for STMicroelectronics.FP-SNS-MOTENV1.4.3.2
2024-04-06 13:36:54,926 [ERROR] RealEvaluatedCondition:428 - Found unsupported composite condition: GROUP='STM32_MetaDataManager' CLASS='Data Exchange'
2024-04-06 13:36:54,926 [ERROR] RealEvaluatedCondition:428 - Found unsupported composite condition: CLASS='Data Exchange' GROUP='STM32_MetaDataManager'
2024-04-06 13:36:54,928 [WARN] PackLoader:240 - Cannot read IP mode file for STMicroelectronics.FP-SNS-MOTENV1.4.3.1
2024-04-06 13:36:54,960 [WARN] PackLoader:240 - Cannot read IP mode file for STMicroelectronics.FP-SNS-FLIGHT1.5.0.1
2024-04-06 13:36:54,980 [WARN] PackLoader:240 - Cannot read IP mode file for STMicroelectronics.X-CUBE-BLE1.6.2.4
2024-04-06 13:36:55,005 [WARN] PackLoader:240 - Cannot read IP mode file for STMicroelectronics.FP-SNS-FLIGHT1.5.0.2
2024-04-06 13:36:55,030 [WARN] PackLoader:240 - Cannot read IP mode file for STMicroelectronics.X-CUBE-DISPLAY.3.0.0
2024-04-06 13:36:55,065 [WARN] PackLoader:240 - Cannot read IP mode file for STMicroelectronics.X-CUBE-BLE1.7.0.0
2024-04-06 13:36:55,090 [WARN] PackLoader:240 - Cannot read IP mode file for STMicroelectronics.FP-SNS-SMARTAG2.1.2.0
2024-04-06 13:36:55,130 [INFO] LogOutputStream:77 - [STDOUT_REDIRECT] 1 : Invalid condition id : UX_CORESTACK_Condition cause : null
2024-04-06 13:36:55,130 [INFO] LogOutputStream:77 - [STDOUT_REDIRECT] 1 : Invalid condition id : UX_CORESTACK_Condition cause : null
2024-04-06 13:36:55,135 [INFO] LogOutputStream:77 - [STDOUT_REDIRECT] 1 : Invalid condition id : UX_CORESTACK_Condition cause : null
2024-04-06 13:36:55,140 [INFO] LogOutputStream:77 - [STDOUT_REDIRECT] 1 : Invalid condition id : UX_CORESTACK_Condition cause : null
2024-04-06 13:36:55,140 [INFO] LogOutputStream:77 - [STDOUT_REDIRECT] 1 : Invalid condition id : UX_CORESTACK_Condition cause : null
2024-04-06 13:36:55,148 [WARN] PackLoader:240 - Cannot read IP mode file for STMicroelectronics.X-CUBE-AZRTOS-WL.2.0.0
2024-04-06 13:36:55,155 [WARN] PackLoader:240 - Cannot read IP mode file for STMicroelectronics.FP-SNS-MOTENV1.5.0.0
2024-04-06 13:36:55,185 [WARN] PackLoader:240 - Cannot read IP mode file for WES.I-CUBE-Cesium.1.3.0
2024-04-06 13:36:55,205 [WARN] PackLoader:240 - Cannot read IP mode file for STMicroelectronics.X-CUBE-BLE2.3.3.0
2024-04-06 13:36:55,229 [WARN] PackLoader:240 - Cannot read IP mode file for STMicroelectronics.X-CUBE-TOUCHGFX.4.21.3
2024-04-06 13:36:55,241 [WARN] PackLoader:240 - Cannot read IP mode file for STMicroelectronics.X-CUBE-TOUCHGFX.4.21.4
2024-04-06 13:36:55,262 [WARN] PackLoader:240 - Cannot read IP mode file for STMicroelectronics.X-CUBE-ALGOBUILD.1.3.0
2024-04-06 13:36:55,312 [WARN] PackLoader:240 - Cannot read IP mode file for STMicroelectronics.X-CUBE-AZRTOS-G0.1.1.0
2024-04-06 13:36:55,332 [WARN] PackLoader:240 - Cannot read IP mode file for STMicroelectronics.X-CUBE-SAFEA1.1.2.2
2024-04-06 13:36:55,352 [WARN] PackLoader:240 - Cannot read IP mode file for STMicroelectronics.X-CUBE-NFC4.3.0.0
2024-04-06 13:36:55,390 [WARN] PackLoader:240 - Cannot read IP mode file for STMicroelectronics.X-CUBE-BLEMGR.3.0.0
2024-04-06 13:36:55,411 [WARN] PackLoader:240 - Cannot read IP mode file for STMicroelectronics.FP-ATR-SIGFOX1.3.2.0
2024-04-06 13:36:55,413 [WARN] PackLoader:240 - Cannot read IP mode file for STMicroelectronics.X-CUBE-EEPRMA1.5.1.0
2024-04-06 13:36:55,540 [WARN] PackLoader:240 - Cannot read IP mode file for STMicroelectronics.X-CUBE-MEMS1.9.5.0
2024-04-06 13:36:55,912 [WARN] PackLoader:240 - Cannot read IP mode file for SEGGER.I-CUBE-embOS.1.3.1
2024-04-06 13:36:56,010 [WARN] PackLoader:240 - Cannot read IP mode file for STMicroelectronics.X-CUBE-GNSS1.6.0.0
2024-04-06 13:36:56,055 [WARN] PackLoader:240 - Cannot read IP mode file for STMicroelectronics.X-CUBE-AZRTOS-F4.1.1.0
2024-04-06 13:36:56,075 [WARN] PackLoader:240 - Cannot read IP mode file for wolfSSL.I-CUBE-wolfSSL.5.6.0
2024-04-06 13:36:56,112 [WARN] PackLoader:240 - Cannot read IP mode file for STMicroelectronics.X-CUBE-AZRTOS-L5.2.0.0
2024-04-06 13:36:56,200 [WARN] PackLoader:240 - Cannot read IP mode file for STMicroelectronics.X-CUBE-MEMS1.9.6.0
2024-04-06 13:36:56,650 [WARN] PackLoader:240 - Cannot read IP mode file for STMicroelectronics.X-CUBE-EEPRMA1.4.2.0
2024-04-06 13:36:56,666 [WARN] PackLoader:240 - Cannot read IP mode file for STMicroelectronics.X-CUBE-NFC6.3.1.0
2024-04-06 13:36:56,690 [WARN] PackLoader:240 - Cannot read IP mode file for ITTIA_DB.I-CUBE-ITTIADB.8.8.0
2024-04-06 13:36:56,720 [WARN] PackLoader:240 - Cannot read IP mode file for emotas.I-CUBE-CANOPEN.1.1.3
2024-04-06 13:36:56,749 [WARN] PackLoader:240 - Cannot read IP mode file for STMicroelectronics.X-CUBE-BLEMGR.2.0.0
2024-04-06 13:36:56,807 [WARN] ConditionMgr:438 - getConditionDescription Invalid condition id : UX DEVICE CLASS RTOS Condition cause : null
2024-04-06 13:36:56,807 [WARN] ConditionMgr:438 - getConditionDescription Invalid condition id : UX DEVICE CLASS RTOS Condition cause : null
2024-04-06 13:36:56,815 [WARN] PackLoader:240 - Cannot read IP mode file for STMicroelectronics.X-CUBE-AZRTOS-H7.3.1.0
2024-04-06 13:36:56,815 [WARN] ConditionMgr:1039 - genDependencies : Invalid condition id : UX DEVICE CLASS RTOS Condition cause : null
2024-04-06 13:36:56,817 [WARN] ConditionMgr:1039 - genDependencies : Invalid condition id : UX DEVICE CLASS RTOS Condition cause : null
2024-04-06 13:36:56,817 [WARN] ConditionMgr:1039 - genDependencies : Invalid condition id : UX DEVICE CLASS RTOS Condition cause : null
2024-04-06 13:36:56,819 [WARN] ConditionMgr:1039 - genDependencies : Invalid condition id : UX DEVICE CLASS RTOS Condition cause : null
2024-04-06 13:36:56,819 [WARN] ConditionMgr:1039 - genDependencies : Invalid condition id : UX DEVICE CLASS RTOS Condition cause : null
2024-04-06 13:36:56,845 [WARN] PackLoader:240 - Cannot read IP mode file for STMicroelectronics.X-CUBE-NFC7.1.0.1
2024-04-06 13:36:56,885 [WARN] PackLoader:240 - Cannot read IP mode file for STMicroelectronics.X-CUBE-NFC7.1.0.0
2024-04-06 13:36:56,910 [WARN] PackLoader:240 - Cannot read IP mode file for STMicroelectronics.X-CUBE-NFC6.3.0.0
2024-04-06 13:36:56,969 [WARN] PackLoader:240 - Cannot read IP mode file for STMicroelectronics.X-CUBE-EEPRMA1.4.1.0
2024-04-06 13:36:56,991 [WARN] PackLoader:240 - Cannot read IP mode file for STMicroelectronics.X-CUBE-AI.8.1.0
2024-04-06 13:36:57,050 [WARN] ConditionMgr:438 - getConditionDescription Invalid condition id : LAN8742 Phy interface Condition cause : null
2024-04-06 13:36:57,052 [WARN] PackLoader:240 - Cannot read IP mode file for STMicroelectronics.X-CUBE-AZRTOS-L4.2.0.0
2024-04-06 13:36:57,052 [WARN] ConditionMgr:1039 - genDependencies : Invalid condition id : LAN8742 Phy interface Condition cause : null
2024-04-06 13:36:57,052 [WARN] ConditionMgr:1039 - genDependencies : Invalid condition id : LAN8742 Phy interface Condition cause : null
2024-04-06 13:36:57,052 [WARN] ConditionMgr:1039 - genDependencies : Invalid condition id : LAN8742 Phy interface Condition cause : null
2024-04-06 13:36:57,090 [WARN] PackLoader:240 - Cannot read IP mode file for STMicroelectronics.X-CUBE-SFXS2LP1.4.0.0
2024-04-06 13:36:57,151 [WARN] PackLoader:240 - Cannot read IP mode file for STMicroelectronics.X-CUBE-AZRTOS-H7.3.0.0
2024-04-06 13:36:57,175 [WARN] PackLoader:240 - Cannot read IP mode file for STMicroelectronics.X-CUBE-ISPU.1.1.0
2024-04-06 13:36:57,193 [WARN] PackLoader:240 - Cannot read IP mode file for STMicroelectronics.X-CUBE-AI.8.0.0
2024-04-06 13:36:57,244 [WARN] ConditionMgr:438 - getConditionDescription Invalid condition id : UX DEVICE CLASS RTOS Condition cause : null
2024-04-06 13:36:57,244 [WARN] ConditionMgr:438 - getConditionDescription Invalid condition id : UX DEVICE CLASS RTOS Condition cause : null
2024-04-06 13:36:57,244 [WARN] PackLoader:240 - Cannot read IP mode file for STMicroelectronics.X-CUBE-AZRTOS-WB.2.0.0
2024-04-06 13:36:57,251 [WARN] ConditionMgr:1039 - genDependencies : Invalid condition id : UX DEVICE CLASS RTOS Condition cause : null
2024-04-06 13:36:57,251 [WARN] ConditionMgr:1039 - genDependencies : Invalid condition id : UX DEVICE CLASS RTOS Condition cause : null
2024-04-06 13:36:57,252 [WARN] ConditionMgr:1039 - genDependencies : Invalid condition id : UX DEVICE CLASS RTOS Condition cause : null
2024-04-06 13:36:57,252 [WARN] ConditionMgr:1039 - genDependencies : Invalid condition id : UX DEVICE CLASS RTOS Condition cause : null
2024-04-06 13:36:57,252 [WARN] ConditionMgr:1039 - genDependencies : Invalid condition id : UX DEVICE CLASS RTOS Condition cause : null
2024-04-06 13:36:57,282 [WARN] PackLoader:240 - Cannot read IP mode file for STMicroelectronics.X-CUBE-FREERTOS.1.0.0
2024-04-06 13:36:57,305 [WARN] PackLoader:240 - Cannot read IP mode file for STMicroelectronics.X-CUBE-FREERTOS.1.0.1
2024-04-06 13:36:57,403 [WARN] PackLoader:240 - Cannot read IP mode file for STMicroelectronics.X-CUBE-AZRTOS-L5.1.1.0
2024-04-06 13:36:57,426 [WARN] PackLoader:240 - Cannot read IP mode file for STMicroelectronics.X-CUBE-AI.8.0.1
2024-04-06 13:36:57,486 [WARN] PackLoader:240 - Cannot read IP mode file for STMicroelectronics.X-CUBE-SUBG2.5.0.0
2024-04-06 13:36:57,545 [WARN] PackLoader:240 - Cannot read IP mode file for STMicroelectronics.X-CUBE-AZRTOS-G4.2.0.0
2024-04-06 13:36:57,580 [WARN] PackLoader:240 - Cannot read IP mode file for STMicroelectronics.X-CUBE-TOF1.3.3.0
2024-04-06 13:36:57,616 [WARN] PackLoader:240 - Cannot read IP mode file for STMicroelectronics.FP-ATR-ASTRA1.1.1.1
2024-04-06 13:36:57,658 [WARN] PackLoader:240 - Cannot read IP mode file for Infineon.AIROC-Wi-Fi-Bluetooth-STM32.1.5.1
2024-04-06 13:36:57,685 [WARN] PackLoader:240 - Cannot read IP mode file for STMicroelectronics.FP-SNS-MOTENVWB1.1.3.1
2024-04-06 13:36:57,729 [WARN] PackLoader:240 - Cannot read IP mode file for STMicroelectronics.X-CUBE-AZRTOS-G4.1.0.0
2024-04-06 13:36:57,795 [WARN] PackLoader:240 - Cannot read IP mode file for STMicroelectronics.X-CUBE-AZRTOS-L4.1.0.0
2024-04-06 13:36:57,830 [WARN] PackLoader:240 - Cannot read IP mode file for STMicroelectronics.X-CUBE-ISPU.2.0.0
2024-04-06 13:36:57,950 [WARN] PackLoader:240 - Cannot read IP mode file for STMicroelectronics.X-CUBE-MEMS1.10.0.0
2024-04-06 13:36:58,254 [WARN] PackLoader:240 - Cannot read IP mode file for STMicroelectronics.X-CUBE-FREERTOS.1.1.0
2024-04-06 13:36:58,330 [WARN] PackLoader:240 - Cannot read IP mode file for STMicroelectronics.X-CUBE-AZRTOS-WL.1.0.0
2024-04-06 13:36:58,355 [WARN] PackLoader:240 - Cannot read IP mode file for portGmbH.I-Cube-SoM-uGOAL.1.1.0
2024-04-06 13:36:58,375 [WARN] PackLoader:240 - Cannot read IP mode file for STMicroelectronics.X-CUBE-ALS.1.0.1
2024-04-06 13:36:58,423 [WARN] PackLoader:240 - Cannot read IP mode file for STMicroelectronics.X-CUBE-AZRTOS-WB.1.1.0
2024-04-06 13:36:58,466 [WARN] PackLoader:240 - Cannot read IP mode file for STMicroelectronics.FP-ATR-ASTRA1.2.0.0
2024-04-06 13:36:58,500 [WARN] PackLoader:240 - Cannot read IP mode file for STMicroelectronics.X-CUBE-TOF1.3.4.0
2024-04-06 13:36:58,545 [WARN] PackLoader:240 - Cannot read IP mode file for STMicroelectronics.X-CUBE-TOF1.3.4.1
2024-04-06 13:36:58,617 [WARN] PackLoader:240 - Cannot read IP mode file for STMicroelectronics.X-CUBE-AZRTOS-H7.3.2.0
2024-04-06 13:36:58,630 [INFO] ThirdParty:978 - Integrity check success = true
2024-04-06 13:36:58,630 [INFO] IntegrityCheckThread:100 - exiting critical section [integrity check]
2024-04-06 13:36:58,630 [INFO] IntegrityCheckThread:103 - End integrity checks thread
2024-04-06 13:36:58,800 [INFO] ProjectFactory:402 - No CPN specified for board NUCLEO-F446RE => set CPN to STM32F446RET6
2024-04-06 13:36:58,808 [INFO] Mcu:1937 - Initializing MCU STM32F446R(C-E)Tx STM32F446RETx STM32F446RET6
2024-04-06 13:37:02,820 [INFO] Context:659 - Trying to add GPIOservice into a context  which must be forbidden
2024-04-06 13:37:04,165 [INFO] Rule:228 - rule 117617 - U5Cobra4M][GTZC] default value MPCBB3 and MPCBB5 - Not Secured memory - MPCBB1 is applicable
2024-04-06 13:37:04,165 [INFO] Rule:228 - rule 117617 - U5Cobra4M][GTZC] default value MPCBB3 and MPCBB5 - Not Secured memory - MPCBB1 is applicable
2024-04-06 13:37:04,165 [INFO] Rule:228 - rule 117617 - U5Cobra4M][GTZC] default value MPCBB3 and MPCBB5 - Not Secured memory - MPCBB2 is applicable
2024-04-06 13:37:04,165 [INFO] Rule:228 - rule 117617 - U5Cobra4M][GTZC] default value MPCBB3 and MPCBB5 - Not Secured memory - MPCBB2 is applicable
2024-04-06 13:37:04,165 [INFO] Rule:228 - rule 117617 - U5Cobra4M][GTZC] default value MPCBB3 and MPCBB5 - Not Secured memory - MPCBB3 is applicable
2024-04-06 13:37:04,165 [INFO] Rule:228 - rule 117617 - U5Cobra4M][GTZC] default value MPCBB3 and MPCBB5 - Not Secured memory - MPCBB3 is applicable
2024-04-06 13:37:04,165 [INFO] Rule:228 - rule 117617 - U5Cobra4M][GTZC] default value MPCBB3 and MPCBB5 - Not Secured memory - MPCBB4 is applicable
2024-04-06 13:37:04,165 [INFO] Rule:228 - rule 117617 - U5Cobra4M][GTZC] default value MPCBB3 and MPCBB5 - Not Secured memory - MPCBB4 is applicable
2024-04-06 13:37:04,165 [INFO] Rule:228 - rule 117617 - U5Cobra4M][GTZC] default value MPCBB3 and MPCBB5 - Secured memory - MPCBB1 is applicable
2024-04-06 13:37:04,165 [INFO] Rule:228 - rule 117617 - U5Cobra4M][GTZC] default value MPCBB3 and MPCBB5 - Secured memory - MPCBB2 is applicable
2024-04-06 13:37:04,168 [INFO] Rule:228 - rule 117617 - U5Cobra4M][GTZC] default value MPCBB3 and MPCBB5 - Secured memory - MPCBB3 is applicable
2024-04-06 13:37:04,168 [INFO] Rule:228 - rule 117617 - U5Cobra4M][GTZC] default value MPCBB3 and MPCBB5 - Secured memory - MPCBB4 is applicable
2024-04-06 13:37:04,168 [INFO] Rule:228 - rule 117617 - U5Cobra4M][GTZC] default value MPCBB3 and MPCBB5 - Privileged memory - MPCBB1 is applicable
2024-04-06 13:37:04,168 [INFO] Rule:228 - rule 117617 - U5Cobra4M][GTZC] default value MPCBB3 and MPCBB5 - Privileged memory - MPCBB2 is applicable
2024-04-06 13:37:04,168 [INFO] Rule:228 - rule 117617 - U5Cobra4M][GTZC] default value MPCBB3 and MPCBB5 - Privileged memory - MPCBB3 is applicable
2024-04-06 13:37:04,168 [INFO] Rule:228 - rule 117617 - U5Cobra4M][GTZC] default value MPCBB3 and MPCBB5 - Privileged memory - MPCBB4 is applicable
2024-04-06 13:37:04,168 [INFO] Rule:228 - rule 117617 - U5Cobra4M][GTZC] default value MPCBB3 and MPCBB5 - Not Privileged memory - MPCBB1 is applicable
2024-04-06 13:37:04,168 [INFO] Rule:228 - rule 117617 - U5Cobra4M][GTZC] default value MPCBB3 and MPCBB5 - Not Privileged memory - MPCBB2 is applicable
2024-04-06 13:37:04,168 [INFO] Rule:228 - rule 117617 - U5Cobra4M][GTZC] default value MPCBB3 and MPCBB5 - Not Privileged memory - MPCBB3 is applicable
2024-04-06 13:37:04,168 [INFO] Rule:228 - rule 117617 - U5Cobra4M][GTZC] default value MPCBB3 and MPCBB5 - Not Privileged memory - MPCBB4 is applicable
2024-04-06 13:37:04,168 [INFO] Rule:228 - rule 117617 - U5Cobra4M][GTZC] default value MPCBB3 and MPCBB5 - Privileged memory - MPCBB1 is applicable
2024-04-06 13:37:04,168 [INFO] Rule:228 - rule 117617 - U5Cobra4M][GTZC] default value MPCBB3 and MPCBB5 - Privileged memory - MPCBB2 is applicable
2024-04-06 13:37:04,168 [INFO] Rule:228 - rule 117617 - U5Cobra4M][GTZC] default value MPCBB3 and MPCBB5 - Privileged memory - MPCBB3 is applicable
2024-04-06 13:37:04,168 [INFO] Rule:228 - rule 117617 - U5Cobra4M][GTZC] default value MPCBB3 and MPCBB5 - Privileged memory - MPCBB4 is applicable
2024-04-06 13:37:04,168 [INFO] Rule:228 - rule 117617 - U5Cobra4M][GTZC] default value MPCBB3 and MPCBB5 - Privileged memory - MPCBB1 is applicable
2024-04-06 13:37:04,168 [INFO] Rule:228 - rule 117617 - U5Cobra4M][GTZC] default value MPCBB3 and MPCBB5 - Privileged memory - MPCBB2 is applicable
2024-04-06 13:37:04,168 [INFO] Rule:228 - rule 117617 - U5Cobra4M][GTZC] default value MPCBB3 and MPCBB5 - Privileged memory - MPCBB3 is applicable
2024-04-06 13:37:04,168 [INFO] Rule:228 - rule 117617 - U5Cobra4M][GTZC] default value MPCBB3 and MPCBB5 - Privileged memory - MPCBB4 is applicable
2024-04-06 13:37:04,168 [INFO] Rule:228 - rule 117617 - U5Cobra4M][GTZC] default value MPCBB3 and MPCBB5 - Not Privileged memory - MPCBB1 is applicable
2024-04-06 13:37:04,168 [INFO] Rule:228 - rule 117617 - U5Cobra4M][GTZC] default value MPCBB3 and MPCBB5 - Not Privileged memory - MPCBB2 is applicable
2024-04-06 13:37:04,168 [INFO] Rule:228 - rule 117617 - U5Cobra4M][GTZC] default value MPCBB3 and MPCBB5 - Not Privileged memory - MPCBB3 is applicable
2024-04-06 13:37:04,168 [INFO] Rule:228 - rule 117617 - U5Cobra4M][GTZC] default value MPCBB3 and MPCBB5 - Not Privileged memory - MPCBB4 is applicable
2024-04-06 13:37:04,168 [INFO] Rule:228 - rule 117617 - U5Cobra4M][GTZC] default value MPCBB3 and MPCBB5 - Privileged memory - MPCBB1 is applicable
2024-04-06 13:37:04,168 [INFO] Rule:228 - rule 117617 - U5Cobra4M][GTZC] default value MPCBB3 and MPCBB5 - Privileged memory - MPCBB2 is applicable
2024-04-06 13:37:04,168 [INFO] Rule:228 - rule 117617 - U5Cobra4M][GTZC] default value MPCBB3 and MPCBB5 - Privileged memory - MPCBB3 is applicable
2024-04-06 13:37:04,170 [INFO] Rule:228 - rule 117617 - U5Cobra4M][GTZC] default value MPCBB3 and MPCBB5 - Privileged memory - MPCBB4 is applicable
2024-04-06 13:37:04,170 [INFO] Rule:228 - rule Rename SubGHz_Phy SUBGHZ_APPLICATION SUBGHZ_PINGPONG to SUBGHZ_ADV_APPLICATION is applicable
2024-04-06 13:37:04,170 [INFO] Rule:228 - rule Rename Enabled to IBEACON is applicable
2024-04-06 13:37:04,170 [INFO] Rule:228 - rule GTZC_S instance for project manager is applicable
2024-04-06 13:37:04,170 [INFO] Rule:228 - rule GTZC_S instance for context M33S is applicable
2024-04-06 13:37:04,170 [INFO] Rule:228 - rule GTZC_S instance value for IP GTZC is applicable
2024-04-06 13:37:04,170 [INFO] Rule:228 - rule GTZC_S instance for mcu.IP is applicable
2024-04-06 13:37:04,170 [INFO] Rule:228 - rule GTZC_S instance for VP is applicable
2024-04-06 13:37:04,170 [INFO] Rule:228 - rule GTZC_S instance for signal is applicable
2024-04-06 13:37:04,170 [INFO] Rule:228 - rule GTZC_S instance for mcu.Pin is applicable
2024-04-06 13:37:04,170 [INFO] Rule:228 - rule GTZC_S instance for VP is applicable
2024-04-06 13:37:04,170 [INFO] Rule:228 - rule GTZC_S instance for signal is applicable
2024-04-06 13:37:04,170 [INFO] Rule:228 - rule GTZC_S instance for mcu is applicable
2024-04-06 13:37:04,170 [INFO] Rule:228 - rule GTZC_S instance for mcu.Pin is applicable
2024-04-06 13:37:04,170 [INFO] Rule:228 - rule GTZC_S instance value for IP GTZC is applicable
2024-04-06 13:37:04,170 [INFO] Rule:228 - rule GTZC_S instance for project manager is applicable
2024-04-06 13:37:04,170 [INFO] Rule:228 - rule GTZC_S instance for context M33S is applicable
2024-04-06 13:37:04,170 [INFO] Rule:228 - rule GTZC_S instance for VP is applicable
2024-04-06 13:37:04,170 [INFO] Rule:228 - rule GTZC_S instance for signal is applicable
2024-04-06 13:37:04,170 [INFO] Rule:228 - rule SPDIFRX instance for mcu is applicable
2024-04-06 13:37:04,170 [INFO] Rule:228 - rule Rename Tracer Mode is applicable
2024-04-06 13:37:04,170 [INFO] Rule:228 - rule SPDIFRX instance value for IP SPDIFRX is applicable
2024-04-06 13:37:04,170 [INFO] Rule:228 - rule SPDIFRX instance for signal is applicable
2024-04-06 13:37:04,170 [INFO] Rule:228 - rule SPDIFRX instance for project manager is applicable
2024-04-06 13:37:04,170 [INFO] Rule:228 - rule SPDIFRX instance for project manager is applicable
2024-04-06 13:37:04,170 [INFO] Rule:228 - rule ADC Scan  fix with FW F7 is applicable
2024-04-06 13:37:04,170 [INFO] Rule:228 - rule ADC Scan  fix with FW F7 is applicable
2024-04-06 13:37:04,170 [INFO] Rule:228 - rule WakeUp0 Mode is applicable
2024-04-06 13:37:04,170 [INFO] Rule:228 - rule WakeUp0 SIGNAL is applicable
2024-04-06 13:37:04,170 [INFO] Rule:228 - rule WakeUp1 Mode is applicable
2024-04-06 13:37:04,170 [INFO] Rule:228 - rule WakeUp1 SIGNAL is applicable
2024-04-06 13:37:04,170 [INFO] Rule:228 - rule WakeUp2 Mode is applicable
2024-04-06 13:37:04,170 [INFO] Rule:228 - rule WakeUp2 SIGNAL is applicable
2024-04-06 13:37:04,170 [INFO] Rule:228 - rule WakeUp4 Mode is applicable
2024-04-06 13:37:04,170 [INFO] Rule:228 - rule WakeUp4 SIGNAL is applicable
2024-04-06 13:37:04,170 [INFO] Rule:228 - rule WakeUp5 Mode is applicable
2024-04-06 13:37:04,170 [INFO] Rule:228 - rule WakeUp5 SIGNAL is applicable
2024-04-06 13:37:04,170 [INFO] Rule:228 - rule Add RTC Activate Clock Source is applicable
2024-04-06 13:37:04,170 [INFO] Rule:228 - rule Add RTC Activate Calendar 1 is applicable
2024-04-06 13:37:04,170 [INFO] Rule:228 - rule Add RTC Activate Calendar 2 is applicable
2024-04-06 13:37:04,170 [INFO] Rule:228 - rule Add RTC Activate Calendar 3 is applicable
2024-04-06 13:37:04,170 [INFO] Rule:228 - rule UART/USART TX Mode is applicable
2024-04-06 13:37:04,170 [INFO] Rule:228 - rule UART/USART RX Mode is applicable
2024-04-06 13:37:04,170 [INFO] Rule:228 - rule UART/USART RX TX Mode is applicable
2024-04-06 13:37:04,170 [INFO] Rule:228 - rule UART/USART PARITY NONE is applicable
2024-04-06 13:37:04,170 [INFO] Rule:228 - rule UART/USART PARITY EVEN is applicable
2024-04-06 13:37:04,170 [INFO] Rule:228 - rule UART/USART PARITY ODD is applicable
2024-04-06 13:37:04,170 [INFO] Rule:228 - rule USART StopBits 1 is applicable
2024-04-06 13:37:04,170 [INFO] Rule:228 - rule USART StopBits 2 is applicable
2024-04-06 13:37:04,170 [INFO] Rule:228 - rule USART StopBits 1.5 is applicable
2024-04-06 13:37:04,170 [INFO] Rule:228 - rule USART StopBits 0.5 is applicable
2024-04-06 13:37:04,170 [INFO] Rule:228 - rule UART/USART WORD LENGTH 7 is applicable
2024-04-06 13:37:04,170 [INFO] Rule:228 - rule UART/USART WORD LENGTH 8 is applicable
2024-04-06 13:37:04,170 [INFO] Rule:228 - rule UART/USART WORD LENGTH 9 is applicable
2024-04-06 13:37:04,170 [INFO] Rule:228 - rule Rename FMC NAND NCE signal is applicable
2024-04-06 13:37:04,170 [INFO] Rule:228 - rule Rename FMC NAND INT signal is applicable
2024-04-06 13:37:04,175 [INFO] Rule:228 - rule Change Default Value for LSE Drive Capability for WB family is applicable
2024-04-06 13:37:04,175 [INFO] Rule:228 - rule Change Default Value for ADC Clock Prescaler G0 family is applicable
2024-04-06 13:37:04,175 [INFO] Rule:228 - rule Change Default Value for ADC ExternalTrigConv L4 family is applicable
2024-04-06 13:37:04,175 [INFO] Rule:228 - rule Change Default Value for ADC ExternalTrigInjecConv L4 family is applicable
2024-04-06 13:37:04,175 [INFO] Rule:228 - rule Change Default Value for ADC ExternalTrigConv F3 family is applicable
2024-04-06 13:37:04,175 [INFO] Rule:228 - rule Change Default Value for ADC ExternalTrigInjecConv F3 family is applicable
2024-04-06 13:37:04,175 [INFO] Rule:228 - rule Change Default Value for ADC ExternalTrigConv Goldfish serie is applicable
2024-04-06 13:37:04,175 [INFO] Rule:228 - rule Change Default Value for ADC ExternalTrigInjecConv Goldfish serie is applicable
2024-04-06 13:37:04,175 [INFO] Rule:228 - rule Change Default Value for ADC ExternalTrigConv L0 family is applicable
2024-04-06 13:37:04,175 [INFO] Rule:228 - rule Change Default Value for ADC ExternalTrigConv F0 family is applicable
2024-04-06 13:37:04,175 [INFO] Rule:228 - rule Change Default Value for ADC ExternalTrigConvn L1 family is applicable
2024-04-06 13:37:04,175 [INFO] Rule:228 - rule Change Default Value for ADC ExternalTrigInjecConv L1 family is applicable
2024-04-06 13:37:04,175 [INFO] Rule:228 - rule Change Default Value for ADC ExternalTrigConv F1 family is applicable
2024-04-06 13:37:04,175 [INFO] Rule:228 - rule Change Default Value for ADC ExternalTrigInjecConv F1 family is applicable
2024-04-06 13:37:04,175 [INFO] Rule:228 - rule Change Default Value for ADC ExternalTrigConv F7 family is applicable
2024-04-06 13:37:04,175 [INFO] Rule:228 - rule Change Default Value for ADC ExternalTrigInjecConv F7 family is applicable
2024-04-06 13:37:04,175 [INFO] Rule:228 - rule Change Default Value for ADC ExternalTrigConv F4 and F2 family is applicable
2024-04-06 13:37:04,175 [INFO] Rule:228 - rule Change Default Value for ADC ExternalTrigInjecConv F4 and F2 family is applicable
2024-04-06 13:37:04,175 [INFO] Rule:228 - rule ADC SamplingTime fix with FW L0  is applicable
2024-04-06 13:37:04,175 [INFO] Rule:228 - rule ADC SamplingTime fix with FW L0  is applicable
2024-04-06 13:37:04,175 [INFO] Rule:228 - rule ADC SamplingTime fix with FW L0 is applicable
2024-04-06 13:37:04,175 [INFO] Rule:228 - rule ADC SamplingTime fix with FW L0 is applicable
2024-04-06 13:37:04,175 [INFO] Rule:228 - rule ADC SamplingTime fix with FW L0  is applicable
2024-04-06 13:37:04,175 [INFO] Rule:228 - rule ADC SamplingTime fix with FW L0 is applicable
2024-04-06 13:37:04,175 [INFO] Rule:228 - rule Rename USB_OE Signal is applicable
2024-04-06 13:37:04,175 [INFO] Rule:228 - rule Rename Activate_OE Mode is applicable
2024-04-06 13:37:04,175 [INFO] Rule:228 - rule Rename DIE462/DIE415 pin PC14/OSC32_IN -> PC14-OSC32_IN (PC14) is applicable
2024-04-06 13:37:04,175 [INFO] Rule:228 - rule Rename DIE462/DIE415 pin PC15/OSC32_OUT -> PC15-OSC32_OUT (PC15) is applicable
2024-04-06 13:37:04,175 [INFO] Rule:228 - rule Rename DIE462/DIE415 pin PH0/OSC_IN -> PH0-OSC_IN (PH0) is applicable
2024-04-06 13:37:04,175 [INFO] Rule:228 - rule Rename DIE462/DIE415 pin PH1/OSC_OUT -> PH1-OSC_OUT (PH1) is applicable
2024-04-06 13:37:04,175 [INFO] Rule:228 - rule Rename DIE462 pin PA13 -> PA13 (JTMS/SWDIO) is applicable
2024-04-06 13:37:04,175 [INFO] Rule:228 - rule Rename DIE415 pin PA13 -> PA13 (JTMS/SWDIO) is applicable
2024-04-06 13:37:04,175 [INFO] Rule:228 - rule Rename DIE462 pin PA14 -> PA14 (JTCK/SWCLK) is applicable
2024-04-06 13:37:04,175 [INFO] Rule:228 - rule Rename DIE415 pin PA14 -> PA14 (JTCK/SWCLK) is applicable
2024-04-06 13:37:04,175 [INFO] Rule:228 - rule Rename DIE462/DIE415 pin PA15 -> PA15 (JTDI) is applicable
2024-04-06 13:37:04,175 [INFO] Rule:228 - rule Rename DIE462 pin PB3 -> PB3 (JTD0/TRACESWO) is applicable
2024-04-06 13:37:04,175 [INFO] Rule:228 - rule Rename DIE415 pin PB3 -> PB3 (JTD0-TRACESWO) is applicable
2024-04-06 13:37:04,175 [INFO] Rule:228 - rule Rename DIE462/DIE415 pin PB4 -> PB4 (NJTRST) is applicable
2024-04-06 13:37:04,175 [INFO] Rule:228 - rule Rename DIE462 pin PH3/BOOT0 -> PH3-BOOT0 (BOOT0) is applicable
2024-04-06 13:37:04,180 [INFO] Rule:228 - rule Rename CRYP DataEncryptionTypesList to Algorithm is applicable
2024-04-06 13:37:04,180 [INFO] Rule:228 - rule Rename AES DataEncryptionTypesList to Algorithm is applicable
2024-04-06 13:37:04,180 [INFO] Rule:228 - rule Rename TDESECB to CRYP_TDES_ECB is applicable
2024-04-06 13:37:04,180 [INFO] Rule:228 - rule Rename TDESCBC to CRYP_TDES_CBC is applicable
2024-04-06 13:37:04,180 [INFO] Rule:228 - rule Rename DESECB to CRYP_DES_ECB is applicable
2024-04-06 13:37:04,180 [INFO] Rule:228 - rule Rename DESCBC to CRYP_DES_CBC is applicable
2024-04-06 13:37:04,185 [INFO] Rule:228 - rule Rename AESECB to CRYP_AES_ECB is applicable
2024-04-06 13:37:04,185 [INFO] Rule:228 - rule Rename AESCBC to CRYP_AES_CBC is applicable
2024-04-06 13:37:04,185 [INFO] Rule:228 - rule Rename AESCTR to CRYP_AES_CTR is applicable
2024-04-06 13:37:04,185 [INFO] Rule:228 - rule Rename AESGCM to CRYP_AES_GCM is applicable
2024-04-06 13:37:04,185 [INFO] Rule:228 - rule Rename AESCCM to CRYP_AES_CCM is applicable
2024-04-06 13:37:04,185 [INFO] Rule:228 - rule Rename CAN TimeSeg1 to BS1 is applicable
2024-04-06 13:37:04,185 [INFO] Rule:228 - rule Rename CAN TimeSeg2 to BS2 is applicable
2024-04-06 13:37:04,185 [INFO] Rule:228 - rule Rename CAN SyncJumpWidth to SJW is applicable
2024-04-06 13:37:04,185 [INFO] Rule:228 - rule TimeTriggeredMode to TTCM is applicable
2024-04-06 13:37:04,185 [INFO] Rule:228 - rule Rename CAN AutoBusOff to ABOM is applicable
2024-04-06 13:37:04,185 [INFO] Rule:228 - rule Rename CAN AutoWakeUp to AWUM is applicable
2024-04-06 13:37:04,185 [INFO] Rule:228 - rule Rename CAN AutoRetransmission to NART is applicable
2024-04-06 13:37:04,185 [INFO] Rule:228 - rule Rename CAN ReceiveFifoLocked to RFLM is applicable
2024-04-06 13:37:04,185 [INFO] Rule:228 - rule Rename CAN TransmitFifoPriority to TXFP is applicable
2024-04-06 13:37:04,185 [INFO] Rule:228 - rule Rename HRTIMER HRTIM_OUTPUTFAULTLEVEL_HIGH in HRTIMER HRTIM_OUTPUTFAULTLEVEL_HIGHZ is applicable
2024-04-06 13:37:04,185 [INFO] Rule:228 - rule Rename TIMER TIM_CLEARINPUTSOURCE_OCREFCLR in  TIMER TIM_CLEARINPUTSOURCE_NONE for F7 family is applicable
2024-04-06 13:37:04,185 [INFO] Rule:228 - rule FDCAN_R1 - Rename FDCAN mode Master into Classic is applicable
2024-04-06 13:37:04,185 [INFO] Rule:228 - rule FDCAN_R2 - Rename FDCAN mode Slave into Classic is applicable
2024-04-06 13:37:04,185 [INFO] Rule:228 - rule FDCAN1_R3 - if PA10.Mode=FullDuplex, add Pin PA12 is applicable
2024-04-06 13:37:04,185 [INFO] Rule:228 - rule FDCAN1_R3 - if PA9.Mode=FullDuplex, add Pin PA11 is applicable
2024-04-06 13:37:04,185 [INFO] Rule:228 - rule FDCAN1_R3 - Alternatepin_1 - if PE1.Mode=FullDuplex, add Pin PB9 is applicable
2024-04-06 13:37:04,185 [INFO] Rule:228 - rule FDCAN1_R3 - Alternatepin_1 - if PE0.Mode=FullDuplex, add Pin PB8 is applicable
2024-04-06 13:37:04,185 [INFO] Rule:228 - rule FDCAN1_R3 - Alternatepin_2 - if PD5.Mode=FullDuplex, add Pin PD1 is applicable
2024-04-06 13:37:04,185 [INFO] Rule:228 - rule FDCAN1_R3 - Alternatepin_2 - if PD4.Mode=FullDuplex, add Pin PD0 is applicable
2024-04-06 13:37:04,185 [INFO] Rule:228 - rule FDCAN1_R4 - Rename Mode FullDuplex into Enable FDCAN_TXFD for pin PA10 is applicable
2024-04-06 13:37:04,185 [INFO] Rule:228 - rule FDCAN1_R4 - Rename Mode FullDuplex into Enable FDCAN_TXFD for pin PA9 is applicable
2024-04-06 13:37:04,185 [INFO] Rule:228 - rule FDCAN1_R4 - Alternatepin_1 - Rename Mode FullDuplex into Enable FDCAN_TXFD for pin PE1 is applicable
2024-04-06 13:37:04,185 [INFO] Rule:228 - rule FDCAN1_R4 - Alternatepin_1 - Rename Mode FullDuplex into Enable FDCAN_TXFD for pin PE0 is applicable
2024-04-06 13:37:04,185 [INFO] Rule:228 - rule FDCAN1_R4 - Alternatepin_2 - Rename Mode FullDuplex into Enable FDCAN_TXFD for pin PD5 is applicable
2024-04-06 13:37:04,188 [INFO] Rule:228 - rule FDCAN1_R4 - Alternatepin_2 - Rename Mode FullDuplex into Enable FDCAN_TXFD for pin PD4 is applicable
2024-04-06 13:37:04,188 [INFO] Rule:228 - rule FDCAN2_R3 - if PD10.Mode=FullDuplex, add Pin PB13 is applicable
2024-04-06 13:37:04,188 [INFO] Rule:228 - rule FDCAN2_R3 - if PD9.Mode=FullDuplex, add Pin PB12 is applicable
2024-04-06 13:37:04,188 [INFO] Rule:228 - rule FDCAN2_R3 - Alternatepin_1 - if PB7.Mode=FullDuplex, add Pin PB6 is applicable
2024-04-06 13:37:04,188 [INFO] Rule:228 - rule FDCAN2_R3 - Alternatepin_1 - if PD9.Mode=FullDuplex, add Pin PB12 is applicable
2024-04-06 13:37:04,188 [INFO] Rule:228 - rule FDCAN2_R4 - Rename Mode FullDuplex into Enable FDCAN_TXFD for pin PD10 is applicable
2024-04-06 13:37:04,188 [INFO] Rule:228 - rule FDCAN2_R4 - Rename Mode FullDuplex into Enable FDCAN_TXFD for pin PD9 is applicable
2024-04-06 13:37:04,188 [INFO] Rule:228 - rule FDCAN2_R4 - Alternatepin_1 - Rename Mode FullDuplex into Enable FDCAN_TXFD for pin PB7 is applicable
2024-04-06 13:37:04,188 [INFO] Rule:228 - rule FDCAN2_R4 - Alternatepin_1 - Rename Mode FullDuplex into Enable FDCAN_TXFD for pin PD6 is applicable
2024-04-06 13:37:04,188 [INFO] Rule:228 - rule USART TxPinLevelInvertParam Mode is applicable
2024-04-06 13:37:04,188 [INFO] Rule:228 - rule USART RxPinLevelInvertParam Mode is applicable
2024-04-06 13:37:04,188 [INFO] Rule:228 - rule USART DataInvertParam Mode is applicable
2024-04-06 13:37:04,188 [INFO] Rule:228 - rule USART SwapParam Mode is applicable
2024-04-06 13:37:04,188 [INFO] Rule:228 - rule USART OverrunDisableParam Mode is applicable
2024-04-06 13:37:04,188 [INFO] Rule:228 - rule USART DMADisableonRxErrorParam Mode is applicable
2024-04-06 13:37:04,188 [INFO] Rule:228 - rule USART MSBFirstParam Mode is applicable
2024-04-06 13:37:04,188 [INFO] Rule:228 - rule Update MwName for USB_DEVICE is applicable
2024-04-06 13:37:04,188 [INFO] Rule:228 - rule Change PWR_Regulator_Voltage_Scale Default Value for RCC  H7 family is applicable
2024-04-06 13:37:04,188 [INFO] Rule:228 - rule UART/USART IPParameter rename Prescaler parameter to ClockPrescaler is applicable
2024-04-06 13:37:04,188 [INFO] Rule:228 - rule UART/USART Prescaler rename Prescaler parameter to ClockPrescaler is applicable
2024-04-06 13:37:04,188 [INFO] Rule:228 - rule TIM1CLockSelection is applicable
2024-04-06 13:37:04,188 [INFO] Rule:228 - rule TIM15CLockSelection is applicable
2024-04-06 13:37:04,190 [INFO] Rule:228 - rule align RCC SDMMC3CLockSelection default value on MP1 is applicable
2024-04-06 13:37:04,190 [INFO] Rule:228 - rule align RCC SDMMC12CLockSelection default value on MP1 is applicable
2024-04-06 13:37:04,190 [INFO] Rule:228 - rule align RCC QSPICLockSelection default value on MP1 is applicable
2024-04-06 13:37:04,190 [INFO] Rule:228 - rule align RCC QSPICLockSelection default value on MP1 is applicable
2024-04-06 13:37:04,190 [INFO] Rule:228 - rule align RCC SPI6CLockSelection default value on MP1 is applicable
2024-04-06 13:37:04,190 [INFO] Rule:228 - rule align RCC LPTIM23CLockSelection default value on MP1 is applicable
2024-04-06 13:37:04,190 [INFO] Rule:228 - rule align RCC LPTIM1CLockSelection default value on MP1 is applicable
2024-04-06 13:37:04,191 [INFO] Rule:228 - rule align RCC USART1CLockSelection default value on MP1 is applicable
2024-04-06 13:37:04,191 [INFO] Rule:228 - rule align RCC USART24CLockSelection default value on MP1 is applicable
2024-04-06 13:37:04,191 [INFO] Rule:228 - rule align RCC USART6CLockSelection default value on MP1 is applicable
2024-04-06 13:37:04,191 [INFO] Rule:228 - rule align RCC UART78CLockSelection default value on MP1 is applicable
2024-04-06 13:37:04,191 [INFO] Rule:228 - rule align RCC USART35CLockSelection default value on MP1 is applicable
2024-04-06 13:37:04,191 [INFO] Rule:228 - rule align RCC SPI45CLockSelection default value on MP1 is applicable
2024-04-06 13:37:04,191 [INFO] Rule:228 - rule align RCC I2C46CLockSelection BCLK value on MP1 is applicable
2024-04-06 13:37:04,191 [INFO] Rule:228 - rule align RCC SPI45CLockSelection default value on MP1 is applicable
2024-04-06 13:37:04,191 [INFO] Rule:228 - rule align RCC I2C12CLockSelection default value on MP1 is applicable
2024-04-06 13:37:04,191 [INFO] Rule:228 - rule align RCC I2C35CLockSelection default value on MP1 is applicable
2024-04-06 13:37:04,191 [INFO] Rule:228 - rule align RCC LPTIM45CLockSelection default value on MP1 is applicable
2024-04-06 13:37:04,191 [INFO] Rule:228 - rule Rename DCMI PIXCK signal is applicable
2024-04-06 13:37:04,191 [INFO] Rule:228 - rule Change Default Value for I2C46CLockSelection MP1 family is applicable
2024-04-06 13:37:04,191 [INFO] Rule:228 - rule Change Default Value for UART for G4, G0 and WB families is applicable
2024-04-06 13:37:04,191 [INFO] Rule:228 - rule Change Default Value for USART for G4, G0 and WB families is applicable
2024-04-06 13:37:04,191 [INFO] Rule:228 - rule Change Default Value for USART for G4 family is applicable
2024-04-06 13:37:04,191 [INFO] Rule:228 - rule Change USART1CLockSelection refparam name for MP1 is applicable
2024-04-06 13:37:04,191 [INFO] Rule:228 - rule Change USART2CLockSelection refparam name for MP1 is applicable
2024-04-06 13:37:04,191 [INFO] Rule:228 - rule Change USART3CLockSelection refparam name for MP1 is applicable
2024-04-06 13:37:04,191 [INFO] Rule:228 - rule Change UART4CLockSelection refparam name for MP1 is applicable
2024-04-06 13:37:04,191 [INFO] Rule:228 - rule Change UART5CLockSelection refparam name for MP1 is applicable
2024-04-06 13:37:04,191 [INFO] Rule:228 - rule Change LPUART1CLockSelection refparam name for MP1 is applicable
2024-04-06 13:37:04,191 [INFO] Rule:228 - rule Change LPTIM1CLockSelection refparam name for MP1 is applicable
2024-04-06 13:37:04,191 [INFO] Rule:228 - rule Change LPTIM2CLockSelection refparam name for MP1 is applicable
2024-04-06 13:37:04,191 [INFO] Rule:228 - rule Change RCC_MCO1Source refparam name for MP1 is applicable
2024-04-06 13:37:04,191 [INFO] Rule:228 - rule Change LSCOSource1 refparam name for MP1 is applicable
2024-04-06 13:37:04,191 [INFO] Rule:228 - rule Change SMPSCLockSelection refparam name for MP1 is applicable
2024-04-06 13:37:04,191 [INFO] Rule:228 - rule Change LPTIM3CLockSelection refparam name for MP1 is applicable
2024-04-06 13:37:04,191 [INFO] Rule:228 - rule Change MPCBB* Default Template Mode to Parameters is applicable
2024-04-06 13:37:04,191 [INFO] Rule:228 - rule Change MPCWM* or MPCBB* Secure Mode to Parameters is applicable
2024-04-06 13:37:04,191 [INFO] Rule:228 - rule Change MPCWM* or MPCBB* No Secure Mode to Parameters is applicable
2024-04-06 13:37:04,191 [INFO] Rule:228 - rule Change TZSC IP Secure Mode to Parameters is applicable
2024-04-06 13:37:04,191 [INFO] Rule:228 - rule Change TZSC IP No Secure Mode to Parameters is applicable
2024-04-06 13:37:04,191 [INFO] Rule:228 - rule Change TZSC IP Privilege Mode to Parameters is applicable
2024-04-06 13:37:04,191 [INFO] Rule:228 - rule Change TZSC IP No Privilege Mode to Parameters is applicable
2024-04-06 13:37:04,191 [INFO] Rule:228 - rule Change TZIC IT Secure Mode to Parameters is applicable
2024-04-06 13:37:04,191 [INFO] Rule:228 - rule Change TZIC IT No Secure Mode to Parameters is applicable
2024-04-06 13:37:04,191 [INFO] Rule:228 - rule Add MPCBB1_NonSecureArea_Start_Address value with referenced to MPCBB1_NonSecureArea_Start value is applicable
2024-04-06 13:37:04,191 [INFO] Rule:228 - rule Add MPCBB2_NonSecureArea_Start_Address value with referenced to MPCBB2_NonSecureArea_Start value is applicable
2024-04-06 13:37:04,191 [INFO] Rule:228 - rule Add MPCWM1_NonSecureArea*_Start_Address value with referenced to MPCWM1_NonSecureArea*_Start value is applicable
2024-04-06 13:37:04,191 [INFO] Rule:228 - rule Add MPCWM2_NonSecureArea*_Start_Address value with referenced to MPCWM2_NonSecureArea*_Start value is applicable
2024-04-06 13:37:04,191 [INFO] Rule:228 - rule Add MPCWM3_NonSecureArea_Start_Address value with referenced to MPCWM3_NonSecureArea_Start value is applicable
2024-04-06 13:37:04,191 [INFO] Rule:228 - rule Change Default Value for PLL1UserDefinedConfig is applicable
2024-04-06 13:37:04,191 [INFO] Rule:228 - rule Change GPIO_PuPd Default Value for USART in async mode is applicable
2024-04-06 13:37:04,191 [INFO] Rule:228 - rule Change SMPSDivider Default Value is applicable
2024-04-06 13:37:04,191 [INFO] Rule:228 - rule OPAMP is applicable
2024-04-06 13:37:04,191 [INFO] Rule:228 - rule LPUART IPParameter rename Prescaler parameter to ClockPrescaler for STM32H7 is applicable
2024-04-06 13:37:04,191 [INFO] Rule:228 - rule LPUART IPParameter rename Prescaler parameter to ClockPrescaler for STM32H7 is applicable
2024-04-06 13:37:04,195 [INFO] Rule:228 - rule LPUART IPParameter rename Prescaler parameter to ClockPrescaler for STM32WB is applicable
2024-04-06 13:37:04,195 [INFO] Rule:228 - rule LPUART IPParameter rename Prescaler parameter to ClockPrescaler for STM32WB is applicable
2024-04-06 13:37:04,195 [INFO] Rule:228 - rule LPUART IPParameter rename Prescaler parameter to ClockPrescaler for STM32G4 is applicable
2024-04-06 13:37:04,195 [INFO] Rule:228 - rule LPUART IPParameter rename Prescaler parameter to ClockPrescaler for STM32G4 is applicable
2024-04-06 13:37:04,195 [INFO] Rule:228 - rule LPUART IPParameter rename Prescaler parameter to ClockPrescaler for STM32L5 is applicable
2024-04-06 13:37:04,195 [INFO] Rule:228 - rule LPUART IPParameter rename Prescaler parameter to ClockPrescaler for STM32L5 is applicable
2024-04-06 13:37:04,195 [INFO] Rule:228 - rule LPUART IPParameter rename Prescaler parameter to ClockPrescaler for STM32G4 is applicable
2024-04-06 13:37:04,201 [INFO] Rule:228 - rule LPUART IPParameter rename Prescaler parameter to ClockPrescaler for STM32G4 is applicable
2024-04-06 13:37:04,201 [INFO] Rule:228 - rule USB device lib V2.5.3 for L0 rename USBD_SUPPORT_USER_STRING parameter to USBD_SUPPORT_USER_STRING_DESC4 is applicable
2024-04-06 13:37:04,201 [INFO] Rule:228 - rule I2SCLockSelection clock entry align is applicable
2024-04-06 13:37:04,201 [INFO] Rule:228 - rule Assign TIMx context if used as SYS timebase is applicable
2024-04-06 13:37:04,201 [INFO] Rule:228 - rule Change GPIO_Pu Default Value for I2C is applicable
2024-04-06 13:37:04,201 [INFO] Rule:228 - rule Change GPIO_Pu Default Value for SMBus is applicable
2024-04-06 13:37:04,201 [INFO] Rule:228 - rule change FDCAN default value is applicable
2024-04-06 13:37:04,201 [INFO] Rule:228 - rule Change mode sai is applicable
2024-04-06 13:37:04,201 [INFO] Rule:228 - rule **Change sai mode is applicable
2024-04-06 13:37:04,235 [INFO] DbConfProperties:307 - Apply Compatibility (49/258 Rules)
2024-04-06 13:37:04,730 [INFO] ImportTextPane:194 - (OptionalMessage_ERROR) Unable to find key (Mcu.ThirdPartyNb) in loaded IOC file
2024-04-06 13:37:05,225 [INFO] RtosManager:555 - Registered RTOS mode: class=CMSIS, group=RTOS, mode=CMSIS_V1, owner=FREERTOS
2024-04-06 13:37:05,225 [INFO] RtosManager:555 - Registered RTOS mode: class=CMSIS, group=RTOS2, mode=CMSIS_V2, owner=FREERTOS
2024-04-06 13:37:05,225 [INFO] RtosManager:555 - Registered RTOS mode: class=RTOS, group=Core, mode=CMSIS_V1, owner=FREERTOS
2024-04-06 13:37:05,225 [INFO] RtosManager:555 - Registered RTOS mode: class=RTOS, group=Core, mode=CMSIS_V2, owner=FREERTOS
2024-04-06 13:37:05,229 [WARN] ModelIntegratedComponent:184 - Missing modes for component STMicroelectronics:FreeRTOS:0.0.1:STMicroelectronics:RTOS:FreeRTOS:Core:::10.2.0:
2024-04-06 13:37:05,280 [WARN] ModelIntegratedComponent:63 - No mode defined for component null
2024-04-06 13:37:05,280 [WARN] ModelIntegratedComponent:63 - No mode defined for component null
2024-04-06 13:37:05,280 [WARN] ModelIntegratedComponent:63 - No mode defined for component null
2024-04-06 13:37:05,280 [WARN] ModelIntegratedComponent:63 - No mode defined for component null
2024-04-06 13:37:05,280 [WARN] ModelIntegratedComponent:63 - No mode defined for component null
2024-04-06 13:37:05,280 [WARN] ModelIntegratedComponent:63 - No mode defined for component null
2024-04-06 13:37:05,280 [WARN] ModelIntegratedComponent:63 - No mode defined for component null
2024-04-06 13:37:05,280 [WARN] ModelIntegratedComponent:63 - No mode defined for component null
2024-04-06 13:37:05,280 [WARN] ModelIntegratedComponent:63 - No mode defined for component null
2024-04-06 13:37:05,280 [WARN] ModelIntegratedComponent:63 - No mode defined for component null
2024-04-06 13:37:05,280 [WARN] ModelIntegratedComponent:63 - No mode defined for component null
2024-04-06 13:37:05,280 [WARN] ModelIntegratedComponent:63 - No mode defined for component null
2024-04-06 13:37:05,280 [WARN] ModelIntegratedComponent:63 - No mode defined for component null
2024-04-06 13:37:05,280 [WARN] ModelIntegratedComponent:63 - No mode defined for component null
2024-04-06 13:37:05,280 [WARN] ModelIntegratedComponent:63 - No mode defined for component null
2024-04-06 13:37:05,280 [WARN] ModelIntegratedComponent:63 - No mode defined for component null
2024-04-06 13:37:05,280 [WARN] ModelIntegratedComponent:63 - No mode defined for component null
2024-04-06 13:37:05,280 [WARN] ModelIntegratedComponent:63 - No mode defined for component null
2024-04-06 13:37:05,280 [WARN] ModelIntegratedComponent:63 - No mode defined for component null
2024-04-06 13:37:05,280 [WARN] ModelIntegratedComponent:63 - No mode defined for component null
2024-04-06 13:37:05,280 [WARN] ModelIntegratedComponent:63 - No mode defined for component null
2024-04-06 13:37:05,280 [WARN] ModelIntegratedComponent:63 - No mode defined for component null
2024-04-06 13:37:05,282 [WARN] ModelIntegratedComponent:63 - No mode defined for component null
2024-04-06 13:37:05,282 [WARN] ModelIntegratedComponent:63 - No mode defined for component null
2024-04-06 13:37:05,282 [WARN] ModelIntegratedComponent:63 - No mode defined for component null
2024-04-06 13:37:05,282 [WARN] ModelIntegratedComponent:63 - No mode defined for component null
2024-04-06 13:37:05,282 [WARN] ModelIntegratedComponent:63 - No mode defined for component null
2024-04-06 13:37:05,282 [WARN] ModelIntegratedComponent:63 - No mode defined for component null
2024-04-06 13:37:05,282 [WARN] ModelIntegratedComponent:63 - No mode defined for component null
2024-04-06 13:37:05,282 [WARN] ModelIntegratedComponent:63 - No mode defined for component null
2024-04-06 13:37:05,282 [WARN] ModelIntegratedComponent:63 - No mode defined for component null
2024-04-06 13:37:05,282 [WARN] ModelIntegratedComponent:63 - No mode defined for component null
2024-04-06 13:37:05,282 [WARN] ModelIntegratedComponent:63 - No mode defined for component null
2024-04-06 13:37:05,705 [INFO] ThirdPartyModel:298 - Start build external matchings
2024-04-06 13:37:08,887 [INFO] ThirdPartyModel:316 - End build external matchings
2024-04-06 13:37:08,965 [INFO] ImportTextPane:194 - (OptionalMessage_ERROR) IP (RCC) : Invalid parameter (48MHZClocksFreq_Value)
2024-04-06 13:37:08,970 [INFO] ImportTextPane:194 - (OptionalMessage_ERROR) IP (RCC) : Invalid parameter (EthernetFreq_Value)
2024-04-06 13:37:08,975 [INFO] ImportTextPane:194 - (OptionalMessage_ERROR) IP (RCC) : Parameter (FLatency) has Id (AdvancedSettings) currently not set
2024-04-06 13:37:08,975 [INFO] ImportTextPane:194 - (OptionalMessage_ERROR) IP (RCC) : Invalid parameter (FamilyName)
2024-04-06 13:37:08,975 [INFO] ImportTextPane:194 - (OptionalMessage_ERROR) IP (RCC) : Invalid parameter (I2SClocksFreq_Value)
2024-04-06 13:37:08,975 [INFO] ImportTextPane:194 - (OptionalMessage_ERROR) IP (RCC) : Parameter (SDIOFreq_Value) has invalid value (168000000)
2024-04-06 13:37:08,975 [INFO] ImportTextPane:194 - (OptionalMessage_ERROR) IP (RCC) : Parameter (USBFreq_Value) has invalid value (168000000)
2024-04-06 13:37:08,980 [INFO] ImportTextPane:194 - (OptionalMessage_ERROR) IP (RCC) : Invalid parameter (VCOInputMFreq_Value)
2024-04-06 13:37:08,980 [INFO] ImportTextPane:194 - (OptionalMessage_ERROR) IP (RCC) : Invalid parameter (VcooutputI2S)
2024-04-06 13:37:09,624 [INFO] UtilMem:75 - End LoadConfig() Used Memory: 722499824 Bytes (904921088)
2024-04-06 13:37:09,855 [WARN] ThirdParty:833 - waiting for thirdparty lock release [change project]
2024-04-06 13:37:09,855 [INFO] ThirdParty:835 - entering critical section [change project]
2024-04-06 13:37:09,855 [INFO] ThirdParty:1030 - CMSIS Pack Vendor :STMicroelectronics X-CUBE-ISPU 1.1.0
2024-04-06 13:37:09,855 [INFO] ThirdParty:1030 - CMSIS Pack Vendor :STMicroelectronics X-CUBE-GNSS1 6.0.0
2024-04-06 13:37:09,855 [INFO] ThirdParty:1030 - CMSIS Pack Vendor :STMicroelectronics USB_HOST 2.0.0
2024-04-06 13:37:09,855 [INFO] ThirdParty:1030 - CMSIS Pack Vendor :STMicroelectronics X-CUBE-AZRTOS-F4 1.1.0
2024-04-06 13:37:09,855 [INFO] ThirdParty:1030 - CMSIS Pack Vendor :STMicroelectronics LIBJPEG 8.0.0
2024-04-06 13:37:09,855 [INFO] ThirdParty:1030 - CMSIS Pack Vendor :STMicroelectronics X-CUBE-SMBUS 2.1.0
2024-04-06 13:37:09,860 [INFO] ThirdParty:1030 - CMSIS Pack Vendor :wolfSSL I-CUBE-wolfSSL 5.6.0
2024-04-06 13:37:09,860 [INFO] ThirdParty:1030 - CMSIS Pack Vendor :STMicroelectronics USB_DEVICE 3.0.0
2024-04-06 13:37:09,860 [INFO] ThirdParty:1030 - CMSIS Pack Vendor :STMicroelectronics X-CUBE-AI 8.0.0
2024-04-06 13:37:09,860 [INFO] ThirdParty:1030 - CMSIS Pack Vendor :STMicroelectronics X-CUBE-AZRTOS-WB 2.0.0
2024-04-06 13:37:09,860 [INFO] ThirdParty:1030 - CMSIS Pack Vendor :STMicroelectronics X-CUBE-FREERTOS 1.0.0
2024-04-06 13:37:09,860 [INFO] ThirdParty:1030 - CMSIS Pack Vendor :STMicroelectronics X-CUBE-FREERTOS 1.0.1
2024-04-06 13:37:09,860 [INFO] ThirdParty:1030 - CMSIS Pack Vendor :STMicroelectronics X-CUBE-TOUCHGFX 4.21.3
2024-04-06 13:37:09,860 [INFO] ThirdParty:1030 - CMSIS Pack Vendor :STMicroelectronics X-CUBE-TOUCHGFX 4.23.0
2024-04-06 13:37:09,860 [INFO] ThirdParty:1030 - CMSIS Pack Vendor :STMicroelectronics X-CUBE-TOUCHGFX 4.23.2
2024-04-06 13:37:09,860 [INFO] ThirdParty:1030 - CMSIS Pack Vendor :STMicroelectronics X-CUBE-AZRTOS-F7 1.1.0
2024-04-06 13:37:09,860 [INFO] ThirdParty:1030 - CMSIS Pack Vendor :STMicroelectronics X-CUBE-TOUCHGFX 4.21.4
2024-04-06 13:37:09,860 [INFO] ThirdParty:1030 - CMSIS Pack Vendor :STMicroelectronics X-CUBE-AZRTOS-L5 2.0.0
2024-04-06 13:37:09,860 [INFO] ThirdParty:1030 - CMSIS Pack Vendor :STMicroelectronics USB_DEVICE 2.0.0
2024-04-06 13:37:09,860 [INFO] ThirdParty:1030 - CMSIS Pack Vendor :STMicroelectronics X-CUBE-MEMS1 9.6.0
2024-04-06 13:37:09,860 [INFO] ThirdParty:1030 - CMSIS Pack Vendor :STMicroelectronics X-CUBE-EEPRMA1 4.2.0
2024-04-06 13:37:09,860 [INFO] ThirdParty:1030 - CMSIS Pack Vendor :STMicroelectronics X-CUBE-NFC6 3.1.0
2024-04-06 13:37:09,860 [INFO] ThirdParty:1030 - CMSIS Pack Vendor :ITTIA_DB I-CUBE-ITTIADB 8.8.0
2024-04-06 13:37:09,860 [INFO] ThirdParty:1030 - CMSIS Pack Vendor :STMicroelectronics FP-SNS-MOTENV1 4.3.2
2024-04-06 13:37:09,860 [INFO] ThirdParty:1030 - CMSIS Pack Vendor :STMicroelectronics FP-SNS-MOTENV1 4.3.1
2024-04-06 13:37:09,860 [INFO] ThirdParty:1030 - CMSIS Pack Vendor :STMicroelectronics FP-SNS-FLIGHT1 5.0.1
2024-04-06 13:37:09,860 [INFO] ThirdParty:1030 - CMSIS Pack Vendor :STMicroelectronics X-CUBE-ALGOBUILD 1.3.0
2024-04-06 13:37:09,860 [INFO] ThirdParty:1030 - CMSIS Pack Vendor :STMicroelectronics X-CUBE-BLE1 6.2.4
2024-04-06 13:37:09,860 [INFO] ThirdParty:1030 - CMSIS Pack Vendor :STMicroelectronics X-CUBE-AZRTOS-L5 1.1.0
2024-04-06 13:37:09,860 [INFO] ThirdParty:1030 - CMSIS Pack Vendor :STMicroelectronics FreeRTOS 0.0.1
2024-04-06 13:37:09,860 [INFO] ThirdParty:1030 - CMSIS Pack Vendor :STMicroelectronics X-CUBE-AZRTOS-G0 1.1.0
2024-04-06 13:37:09,860 [INFO] ThirdParty:1030 - CMSIS Pack Vendor :emotas I-CUBE-CANOPEN 1.1.3
2024-04-06 13:37:09,860 [INFO] ThirdParty:1030 - CMSIS Pack Vendor :STMicroelectronics X-CUBE-BLEMGR 2.0.0
2024-04-06 13:37:09,860 [INFO] ThirdParty:1030 - CMSIS Pack Vendor :STMicroelectronics X-CUBE-AI 8.0.1
2024-04-06 13:37:09,860 [INFO] ThirdParty:1030 - CMSIS Pack Vendor :STMicroelectronics X-CUBE-SAFEA1 1.2.2
2024-04-06 13:37:09,860 [INFO] ThirdParty:1030 - CMSIS Pack Vendor :STMicroelectronics X-CUBE-NFC4 3.0.0
2024-04-06 13:37:09,860 [INFO] ThirdParty:1030 - CMSIS Pack Vendor :STMicroelectronics X-CUBE-SUBG2 5.0.0
2024-04-06 13:37:09,860 [INFO] ThirdParty:1030 - CMSIS Pack Vendor :STMicroelectronics STM32_WPAN 1.0.0
2024-04-06 13:37:09,860 [INFO] ThirdParty:1030 - CMSIS Pack Vendor :STMicroelectronics lwIP 2.0.3
2024-04-06 13:37:09,860 [INFO] ThirdParty:1030 - CMSIS Pack Vendor :STMicroelectronics FP-SNS-FLIGHT1 5.0.2
2024-04-06 13:37:09,860 [INFO] ThirdParty:1030 - CMSIS Pack Vendor :STMicroelectronics USB_HOST 1.0.0
2024-04-06 13:37:09,860 [INFO] ThirdParty:1030 - CMSIS Pack Vendor :STMicroelectronics X-CUBE-AZRTOS-G4 2.0.0
2024-04-06 13:37:09,860 [INFO] ThirdParty:1030 - CMSIS Pack Vendor :STMicroelectronics PDM2PCM 3.1.0
2024-04-06 13:37:09,860 [INFO] ThirdParty:1030 - CMSIS Pack Vendor :STMicroelectronics X-CUBE-AZRTOS-H7 3.1.0
2024-04-06 13:37:09,860 [INFO] ThirdParty:1030 - CMSIS Pack Vendor :STMicroelectronics X-CUBE-TOF1 3.3.0
2024-04-06 13:37:09,860 [INFO] ThirdParty:1030 - CMSIS Pack Vendor :STMicroelectronics FP-ATR-ASTRA1 1.1.1
2024-04-06 13:37:09,860 [INFO] ThirdParty:1030 - CMSIS Pack Vendor :Infineon AIROC-Wi-Fi-Bluetooth-STM32 1.5.1
2024-04-06 13:37:09,860 [INFO] ThirdParty:1030 - CMSIS Pack Vendor :STMicroelectronics X-CUBE-BLEMGR 3.0.0
2024-04-06 13:37:09,860 [INFO] ThirdParty:1030 - CMSIS Pack Vendor :STMicroelectronics PDM2PCM 3.3.0
2024-04-06 13:37:09,860 [INFO] ThirdParty:1030 - CMSIS Pack Vendor :STMicroelectronics X-CUBE-DISPLAY 3.0.0
2024-04-06 13:37:09,860 [INFO] ThirdParty:1030 - CMSIS Pack Vendor :STMicroelectronics FP-SNS-MOTENVWB1 1.3.1
2024-04-06 13:37:09,860 [INFO] ThirdParty:1030 - CMSIS Pack Vendor :STMicroelectronics X-CUBE-BLE1 7.0.0
2024-04-06 13:37:09,860 [INFO] ThirdParty:1030 - CMSIS Pack Vendor :STMicroelectronics FP-ATR-SIGFOX1 3.2.0
2024-04-06 13:37:09,860 [INFO] ThirdParty:1030 - CMSIS Pack Vendor :STMicroelectronics X-CUBE-AZRTOS-G4 1.0.0
2024-04-06 13:37:09,860 [INFO] ThirdParty:1030 - CMSIS Pack Vendor :STMicroelectronics X-CUBE-AZRTOS-L4 1.0.0
2024-04-06 13:37:09,860 [INFO] ThirdParty:1030 - CMSIS Pack Vendor :STMicroelectronics X-CUBE-ISPU 2.0.0
2024-04-06 13:37:09,860 [INFO] ThirdParty:1030 - CMSIS Pack Vendor :STMicroelectronics X-CUBE-EEPRMA1 5.1.0
2024-04-06 13:37:09,860 [INFO] ThirdParty:1030 - CMSIS Pack Vendor :STMicroelectronics HAL Drivers 0.0.0
2024-04-06 13:37:09,860 [INFO] ThirdParty:1030 - CMSIS Pack Vendor :STMicroelectronics MBEDTLS 2.16.2
2024-04-06 13:37:09,860 [INFO] ThirdParty:1030 - CMSIS Pack Vendor :STMicroelectronics X-CUBE-MEMS1 10.0.0
2024-04-06 13:37:09,860 [INFO] ThirdParty:1030 - CMSIS Pack Vendor :STMicroelectronics X-CUBE-FREERTOS 1.1.0
2024-04-06 13:37:09,860 [INFO] ThirdParty:1030 - CMSIS Pack Vendor :STMicroelectronics X-CUBE-NFC7 1.0.1
2024-04-06 13:37:09,860 [INFO] ThirdParty:1030 - CMSIS Pack Vendor :STMicroelectronics MBEDTLS 2.14.1
2024-04-06 13:37:09,860 [INFO] ThirdParty:1030 - CMSIS Pack Vendor :STMicroelectronics X-CUBE-NFC7 1.0.0
2024-04-06 13:37:09,860 [INFO] ThirdParty:1030 - CMSIS Pack Vendor :STMicroelectronics X-CUBE-AZRTOS-WL 1.0.0
2024-04-06 13:37:09,860 [INFO] ThirdParty:1030 - CMSIS Pack Vendor :STMicroelectronics X-CUBE-NFC6 3.0.0
2024-04-06 13:37:09,860 [INFO] ThirdParty:1030 - CMSIS Pack Vendor :STMicroelectronics X-CUBE-EEPRMA1 4.1.0
2024-04-06 13:37:09,860 [INFO] ThirdParty:1030 - CMSIS Pack Vendor :portGmbH I-Cube-SoM-uGOAL 1.1.0
2024-04-06 13:37:09,860 [INFO] ThirdParty:1030 - CMSIS Pack Vendor :STMicroelectronics X-CUBE-ALS 1.0.1
2024-04-06 13:37:09,860 [INFO] ThirdParty:1030 - CMSIS Pack Vendor :STMicroelectronics X-CUBE-MEMS1 9.5.0
2024-04-06 13:37:09,860 [INFO] ThirdParty:1030 - CMSIS Pack Vendor :STMicroelectronics ThreadX 1.0.0
2024-04-06 13:37:09,860 [INFO] ThirdParty:1030 - CMSIS Pack Vendor :STMicroelectronics FP-SNS-SMARTAG2 1.2.0
2024-04-06 13:37:09,860 [INFO] ThirdParty:1030 - CMSIS Pack Vendor :STMicroelectronics X-CUBE-AZRTOS-WB 1.1.0
2024-04-06 13:37:09,860 [INFO] ThirdParty:1030 - CMSIS Pack Vendor :STMicroelectronics X-CUBE-AZRTOS-WL 2.0.0
2024-04-06 13:37:09,860 [INFO] ThirdParty:1030 - CMSIS Pack Vendor :SEGGER I-CUBE-embOS 1.3.1
2024-04-06 13:37:09,860 [INFO] ThirdParty:1030 - CMSIS Pack Vendor :STMicroelectronics FP-SNS-MOTENV1 5.0.0
2024-04-06 13:37:09,860 [INFO] ThirdParty:1030 - CMSIS Pack Vendor :STMicroelectronics USB_DEVICE 1.0.0
2024-04-06 13:37:09,860 [INFO] ThirdParty:1030 - CMSIS Pack Vendor :STMicroelectronics X-CUBE-AI 8.1.0
2024-04-06 13:37:09,860 [INFO] ThirdParty:1030 - CMSIS Pack Vendor :STMicroelectronics X-CUBE-AZRTOS-L4 2.0.0
2024-04-06 13:37:09,860 [INFO] ThirdParty:1030 - CMSIS Pack Vendor :STMicroelectronics ThreadX 0.0.2
2024-04-06 13:37:09,860 [INFO] ThirdParty:1030 - CMSIS Pack Vendor :WES I-CUBE-Cesium 1.3.0
2024-04-06 13:37:09,860 [INFO] ThirdParty:1030 - CMSIS Pack Vendor :STMicroelectronics FP-ATR-ASTRA1 2.0.0
2024-04-06 13:37:09,860 [INFO] ThirdParty:1030 - CMSIS Pack Vendor :STMicroelectronics lwIP 2.1.2
2024-04-06 13:37:09,860 [INFO] ThirdParty:1030 - CMSIS Pack Vendor :STMicroelectronics X-CUBE-SFXS2LP1 4.0.0
2024-04-06 13:37:09,860 [INFO] ThirdParty:1030 - CMSIS Pack Vendor :STMicroelectronics X-CUBE-BLE2 3.3.0
2024-04-06 13:37:09,860 [INFO] ThirdParty:1030 - CMSIS Pack Vendor :STMicroelectronics X-CUBE-TOF1 3.4.0
2024-04-06 13:37:09,860 [INFO] ThirdParty:1030 - CMSIS Pack Vendor :STMicroelectronics X-CUBE-TOF1 3.4.1
2024-04-06 13:37:09,860 [INFO] ThirdParty:1030 - CMSIS Pack Vendor :STMicroelectronics X-CUBE-AZRTOS-H7 3.2.0
2024-04-06 13:37:09,860 [INFO] ThirdParty:1030 - CMSIS Pack Vendor :STMicroelectronics PDM2PCM 3.2.0
2024-04-06 13:37:09,860 [INFO] ThirdParty:1030 - CMSIS Pack Vendor :STMicroelectronics X-CUBE-AZRTOS-H7 3.0.0
2024-04-06 13:37:09,860 [INFO] ThirdParty:841 - exiting critical section [change project]
2024-04-06 13:37:10,741 [INFO] PinOutPanel:1499 - setPackage(No Configuration,No Configuration)
2024-04-06 13:37:10,745 [INFO] PinOutPanel:1499 - setPackage(STM32F446RETx,LQFP64)
2024-04-06 13:37:13,111 [INFO] UtilMem:75 - Before build in PCC Used Memory: 772777168 Bytes (904921088)
2024-04-06 13:37:17,672 [INFO] UtilMem:75 - After build in PCC Used Memory: 692507048 Bytes (904921088)
2024-04-06 13:37:18,069 [INFO] IPUIPlugin:80 - create IPUIPlugin
2024-04-06 13:37:18,069 [INFO] IPUIPlugin:80 - create IPUIPlugin
2024-04-06 13:37:18,069 [INFO] IPUIPlugin:80 - create IPUIPlugin
2024-04-06 13:37:18,069 [INFO] IPUIPlugin:80 - create IPUIPlugin
2024-04-06 13:37:18,069 [INFO] IPUIPlugin:80 - create IPUIPlugin
2024-04-06 13:37:18,070 [INFO] IPUIPlugin:80 - create IPUIPlugin
2024-04-06 13:37:18,070 [INFO] IPUIPlugin:80 - create IPUIPlugin
2024-04-06 13:37:18,071 [INFO] IPUIPlugin:80 - create IPUIPlugin
2024-04-06 13:37:18,071 [INFO] IPUIPlugin:80 - create IPUIPlugin
2024-04-06 13:37:18,071 [INFO] IPUIPlugin:80 - create IPUIPlugin
2024-04-06 13:37:18,072 [INFO] IPUIPlugin:80 - create IPUIPlugin
2024-04-06 13:37:18,072 [INFO] IPUIPlugin:80 - create IPUIPlugin
2024-04-06 13:37:18,072 [INFO] IPUIPlugin:80 - create IPUIPlugin
2024-04-06 13:37:18,072 [INFO] IPUIPlugin:80 - create IPUIPlugin
2024-04-06 13:37:18,074 [INFO] IPUIPlugin:80 - create IPUIPlugin
2024-04-06 13:37:18,075 [INFO] IPUIPlugin:80 - create IPUIPlugin
2024-04-06 13:37:18,075 [INFO] IPUIPlugin:80 - create IPUIPlugin
2024-04-06 13:37:18,075 [INFO] IPUIPlugin:80 - create IPUIPlugin
2024-04-06 13:37:18,075 [INFO] IPUIPlugin:80 - create IPUIPlugin
2024-04-06 13:37:18,076 [INFO] IPUIPlugin:80 - create IPUIPlugin
2024-04-06 13:37:18,076 [INFO] IPUIPlugin:80 - create IPUIPlugin
2024-04-06 13:37:18,076 [INFO] IPUIPlugin:80 - create IPUIPlugin
2024-04-06 13:37:18,077 [INFO] IPUIPlugin:80 - create IPUIPlugin
2024-04-06 13:37:18,077 [INFO] IPUIPlugin:80 - create IPUIPlugin
2024-04-06 13:37:18,077 [INFO] IPUIPlugin:80 - create IPUIPlugin
2024-04-06 13:37:18,078 [INFO] IPUIPlugin:80 - create IPUIPlugin
2024-04-06 13:37:18,078 [INFO] IPUIPlugin:80 - create IPUIPlugin
2024-04-06 13:37:18,078 [INFO] IPUIPlugin:80 - create IPUIPlugin
2024-04-06 13:37:18,079 [INFO] IPUIPlugin:80 - create IPUIPlugin
2024-04-06 13:37:18,079 [INFO] IPUIPlugin:80 - create IPUIPlugin
2024-04-06 13:37:18,080 [INFO] IPUIPlugin:80 - create IPUIPlugin
2024-04-06 13:37:18,080 [INFO] IPUIPlugin:80 - create IPUIPlugin
2024-04-06 13:37:18,081 [INFO] IPUIPlugin:80 - create IPUIPlugin
2024-04-06 13:37:18,081 [INFO] IPUIPlugin:80 - create IPUIPlugin
2024-04-06 13:37:18,081 [INFO] IPUIPlugin:80 - create IPUIPlugin
2024-04-06 13:37:18,082 [INFO] IPUIPlugin:80 - create IPUIPlugin
2024-04-06 13:37:18,083 [INFO] IPUIPlugin:80 - create IPUIPlugin
2024-04-06 13:37:18,085 [INFO] IPUIPlugin:80 - create IPUIPlugin
2024-04-06 13:37:18,085 [INFO] IPUIPlugin:80 - create IPUIPlugin
2024-04-06 13:37:18,086 [INFO] IPUIPlugin:80 - create IPUIPlugin
2024-04-06 13:37:18,086 [INFO] IPUIPlugin:80 - create IPUIPlugin
2024-04-06 13:37:18,087 [INFO] IPUIPlugin:80 - create IPUIPlugin
2024-04-06 13:37:18,087 [INFO] IPUIPlugin:80 - create IPUIPlugin
2024-04-06 13:37:18,088 [INFO] IPUIPlugin:80 - create IPUIPlugin
2024-04-06 13:37:18,088 [INFO] IPUIPlugin:80 - create IPUIPlugin
2024-04-06 13:37:18,090 [INFO] IPUIPlugin:80 - create IPUIPlugin
2024-04-06 13:37:18,090 [INFO] IPUIPlugin:80 - create IPUIPlugin
2024-04-06 13:37:18,090 [INFO] IPUIPlugin:80 - create IPUIPlugin
2024-04-06 13:37:18,091 [INFO] IPUIPlugin:80 - create IPUIPlugin
2024-04-06 13:37:18,092 [INFO] IPUIPlugin:80 - create IPUIPlugin
2024-04-06 13:37:18,092 [INFO] IPUIPlugin:80 - create IPUIPlugin
2024-04-06 13:37:18,093 [INFO] IPUIPlugin:80 - create IPUIPlugin
2024-04-06 13:37:18,094 [INFO] IPUIPlugin:80 - create IPUIPlugin
2024-04-06 13:37:18,094 [INFO] IPUIPlugin:80 - create IPUIPlugin
2024-04-06 13:37:18,095 [INFO] IPUIPlugin:80 - create IPUIPlugin
2024-04-06 13:37:18,096 [INFO] IPUIPlugin:80 - create IPUIPlugin
2024-04-06 13:37:18,097 [INFO] IPUIPlugin:80 - create IPUIPlugin
2024-04-06 13:37:18,097 [INFO] IPUIPlugin:80 - create IPUIPlugin
2024-04-06 13:37:18,099 [INFO] IPUIPlugin:80 - create IPUIPlugin
2024-04-06 13:37:18,100 [INFO] IPUIPlugin:80 - create IPUIPlugin
2024-04-06 13:37:18,563 [INFO] ApiDbMcu:507 - Load IP Config File for PDM2PCM
2024-04-06 13:37:20,530 [INFO] CADModel:165 - CPN selected for project levelSTM32F446RET6
2024-04-06 13:37:20,530 [INFO] CADModel:114 - Register for checkConnection events
2024-04-06 13:37:20,658 [INFO] OpenFileManager:328 - Restore cursor
2024-04-06 13:37:27,893 [INFO] UtilMem:75 - End SaveConfig() Used Memory: 786291824 Bytes (904921088)
2024-04-06 13:37:28,636 [INFO] UtilMem:75 - End SaveConfig() Used Memory: 679218464 Bytes (904921088)
2024-04-06 13:37:30,470 [INFO] BlockDiagram:2759 - set Specific Code input for plugin: SYS
2024-04-06 13:37:30,470 [INFO] BlockDiagram:2759 - set Specific Code input for plugin: RCC
2024-04-06 13:37:30,470 [INFO] BlockDiagram:2759 - set Specific Code input for plugin: NVIC
2024-04-06 13:37:30,470 [INFO] BlockDiagram:2759 - set Specific Code input for plugin: USART
2024-04-06 13:37:30,475 [INFO] BlockDiagram:2759 - set Specific Code input for plugin: GPIO
2024-04-06 13:37:30,477 [INFO] CodeGenerator:793 - code generatio: config db path: C:\ST\STM32CubeIDE_1.12.0\STM32CubeIDE\plugins\com.st.stm32cube.common.mx_6.8.0.202302231600\\db\
2024-04-06 13:37:32,027 [INFO] CodeEngine:255 - oldGeneratedFile, C:\MainFolder\ST32_projects\AirQ\Stm32CubeIDE_workspace\AirQ\MXTmpFiles\license.tmp_save
2024-04-06 13:37:34,310 [INFO] CodeEngine:279 - Generated code: C:\MainFolder\ST32_projects\AirQ\Stm32CubeIDE_workspace\AirQ\MXTmpFiles\license.tmp
2024-04-06 13:37:34,755 [INFO] CodeEngine:255 - oldGeneratedFile, C:\MainFolder\ST32_projects\AirQ\Stm32CubeIDE_workspace\AirQ\MXTmpFiles\gpio.tmp_save
2024-04-06 13:37:38,775 [INFO] CodeEngine:279 - Generated code: C:\MainFolder\ST32_projects\AirQ\Stm32CubeIDE_workspace\AirQ\MXTmpFiles\gpio.tmp
2024-04-06 13:37:39,235 [INFO] CodeEngine:255 - oldGeneratedFile, C:\MainFolder\ST32_projects\AirQ\Stm32CubeIDE_workspace\AirQ\Core\Src\stm32f4xx_it.c_save
2024-04-06 13:37:40,992 [INFO] CodeEngine:279 - Generated code: C:\MainFolder\ST32_projects\AirQ\Stm32CubeIDE_workspace\AirQ\Core\Src\stm32f4xx_it.c
2024-04-06 13:37:41,166 [INFO] CodeEngine:255 - oldGeneratedFile, C:\MainFolder\ST32_projects\AirQ\Stm32CubeIDE_workspace\AirQ\Core\Inc\stm32f4xx_it.h_save
2024-04-06 13:37:41,609 [INFO] CodeEngine:279 - Generated code: C:\MainFolder\ST32_projects\AirQ\Stm32CubeIDE_workspace\AirQ\Core\Inc\stm32f4xx_it.h
2024-04-06 13:37:41,653 [INFO] CodeEngine:255 - oldGeneratedFile, C:\MainFolder\ST32_projects\AirQ\Stm32CubeIDE_workspace\AirQ\Core\Src\stm32f4xx_hal_msp.c_save
2024-04-06 13:37:42,519 [INFO] CodeEngine:279 - Generated code: C:\MainFolder\ST32_projects\AirQ\Stm32CubeIDE_workspace\AirQ\Core\Src\stm32f4xx_hal_msp.c
2024-04-06 13:37:42,552 [INFO] CodeEngine:255 - oldGeneratedFile, C:\MainFolder\ST32_projects\AirQ\Stm32CubeIDE_workspace\AirQ\MXTmpFiles\system.tmp_save
2024-04-06 13:37:42,786 [INFO] CodeEngine:279 - Generated code: C:\MainFolder\ST32_projects\AirQ\Stm32CubeIDE_workspace\AirQ\MXTmpFiles\system.tmp
2024-04-06 13:37:42,824 [INFO] CodeEngine:311 - oldGeneratedFile, C:\MainFolder\ST32_projects\AirQ\Stm32CubeIDE_workspace\AirQ\Core\Inc\stm32f4xx_hal_conf.h_save
2024-04-06 13:37:43,552 [INFO] CodeEngine:335 - Generated code: C:\MainFolder\ST32_projects\AirQ\Stm32CubeIDE_workspace\AirQ\Core\Inc\stm32f4xx_hal_conf.h
2024-04-06 13:37:44,111 [WARN] IPConfigManager:2937 - Warning: the RefConfig PLL2P_FOR_MCO is not available in your config.xml file
2024-04-06 13:37:44,209 [INFO] CodeEngine:255 - oldGeneratedFile, C:\MainFolder\ST32_projects\AirQ\Stm32CubeIDE_workspace\AirQ\Core\Inc\main.h_save
2024-04-06 13:37:45,684 [INFO] CodeEngine:279 - Generated code: C:\MainFolder\ST32_projects\AirQ\Stm32CubeIDE_workspace\AirQ\Core\Inc\main.h
2024-04-06 13:37:45,792 [INFO] CodeEngine:255 - oldGeneratedFile, C:\MainFolder\ST32_projects\AirQ\Stm32CubeIDE_workspace\AirQ\Core\Src\main.c_save
2024-04-06 13:37:46,760 [INFO] CodeEngine:279 - Generated code: C:\MainFolder\ST32_projects\AirQ\Stm32CubeIDE_workspace\AirQ\Core\Src\main.c
2024-04-06 13:37:49,118 [INFO] ProjectBuilder:2996 - Time for Copy HAL[1] : 365mS.
2024-04-06 13:37:49,148 [INFO] ProjectBuilder:4304 - Project Generator version: 3.19.2
2024-04-06 13:37:50,168 [INFO] ConfigFileManager:1483 - The Die is : DIE421
2024-04-06 13:37:50,200 [INFO] ApiDbMcu:507 - Load IP Config File for FATFS
2024-04-06 13:37:50,227 [INFO] ApiDbMcu:507 - Load IP Config File for FREERTOS
2024-04-06 13:37:50,250 [INFO] ApiDbMcu:507 - Load IP Config File for LIBJPEG
2024-04-06 13:37:50,279 [INFO] ApiDbMcu:507 - Load IP Config File for MBEDTLS
2024-04-06 13:37:50,310 [INFO] ApiDbMcu:507 - Load IP Config File for USB_DEVICE
2024-04-06 13:37:50,335 [INFO] ApiDbMcu:507 - Load IP Config File for USB_HOST
2024-04-06 13:37:53,953 [INFO] LogOutputStream:77 - [STDOUT_REDIRECT] 
2024-04-06 13:38:02,561 [INFO] ProjectBuilder:4505 - Time for Generating toolchain IDE Files: 13284mS.
2024-04-06 13:38:02,563 [INFO] ProjectBuilder:2867 - Time for Copy CMSIS : 0mS.
2024-04-06 13:38:02,563 [INFO] ProjectBuilder:2867 - Time for Copy CMSIS : 0mS.
2024-04-06 13:38:04,805 [INFO] McuFinderGlobals:66 - Set McuFinderConnectedMode to true
2024-04-06 13:38:04,809 [INFO] ApiDb:448 - Save user favorites file C:\Users\Borch/.stm32cubeide/favorites.mcus.txt: 0 item(s)
2024-04-06 13:38:04,809 [INFO] ApiDb:452 - User favorites MCUs=[]
2024-04-06 13:38:04,810 [INFO] ApiDb:448 - Save user favorites file C:\Users\Borch/.stm32cubeide/favorites.boards.txt: 0 item(s)
2024-04-06 13:38:04,810 [INFO] ApiDb:452 - User favorites Boards=[]
